28-Apr-2022 20:58:05.238 INFO [main] org.apache.catalina.startup.VersionLoggerListener.log Server version name:   Apache Tomcat/10.0.20
28-Apr-2022 20:58:05.242 INFO [main] org.apache.catalina.startup.VersionLoggerListener.log Server built:          Mar 31 2022 14:24:36 UTC
28-Apr-2022 20:58:05.242 INFO [main] org.apache.catalina.startup.VersionLoggerListener.log Server version number: 10.0.20.0
28-Apr-2022 20:58:05.243 INFO [main] org.apache.catalina.startup.VersionLoggerListener.log OS Name:               Windows 10
28-Apr-2022 20:58:05.243 INFO [main] org.apache.catalina.startup.VersionLoggerListener.log OS Version:            10.0
28-Apr-2022 20:58:05.243 INFO [main] org.apache.catalina.startup.VersionLoggerListener.log Architecture:          amd64
28-Apr-2022 20:58:05.243 INFO [main] org.apache.catalina.startup.VersionLoggerListener.log Java Home:             C:\Program Files\Java\jdk-17.0.1
28-Apr-2022 20:58:05.243 INFO [main] org.apache.catalina.startup.VersionLoggerListener.log JVM Version:           17.0.1+12-LTS-39
28-Apr-2022 20:58:05.244 INFO [main] org.apache.catalina.startup.VersionLoggerListener.log JVM Vendor:            Oracle Corporation
28-Apr-2022 20:58:05.244 INFO [main] org.apache.catalina.startup.VersionLoggerListener.log CATALINA_BASE:         E:\Programs\Tomcat\apache-tomcat-10.0.20
28-Apr-2022 20:58:05.244 INFO [main] org.apache.catalina.startup.VersionLoggerListener.log CATALINA_HOME:         E:\Programs\Tomcat\apache-tomcat-10.0.20
28-Apr-2022 20:58:05.256 INFO [main] org.apache.catalina.startup.VersionLoggerListener.log Command line argument: --add-opens=java.base/java.lang=ALL-UNNAMED
28-Apr-2022 20:58:05.256 INFO [main] org.apache.catalina.startup.VersionLoggerListener.log Command line argument: --add-opens=java.base/java.io=ALL-UNNAMED
28-Apr-2022 20:58:05.256 INFO [main] org.apache.catalina.startup.VersionLoggerListener.log Command line argument: --add-opens=java.base/java.util=ALL-UNNAMED
28-Apr-2022 20:58:05.256 INFO [main] org.apache.catalina.startup.VersionLoggerListener.log Command line argument: --add-opens=java.base/java.util.concurrent=ALL-UNNAMED
28-Apr-2022 20:58:05.256 INFO [main] org.apache.catalina.startup.VersionLoggerListener.log Command line argument: --add-opens=java.rmi/sun.rmi.transport=ALL-UNNAMED
28-Apr-2022 20:58:05.257 INFO [main] org.apache.catalina.startup.VersionLoggerListener.log Command line argument: -Djava.util.logging.config.file=E:\Programs\Tomcat\apache-tomcat-10.0.20\conf\logging.properties
28-Apr-2022 20:58:05.258 INFO [main] org.apache.catalina.startup.VersionLoggerListener.log Command line argument: -Djava.util.logging.manager=org.apache.juli.ClassLoaderLogManager
28-Apr-2022 20:58:05.258 INFO [main] org.apache.catalina.startup.VersionLoggerListener.log Command line argument: -Djdk.tls.ephemeralDHKeySize=2048
28-Apr-2022 20:58:05.259 INFO [main] org.apache.catalina.startup.VersionLoggerListener.log Command line argument: -Djava.protocol.handler.pkgs=org.apache.catalina.webresources
28-Apr-2022 20:58:05.259 INFO [main] org.apache.catalina.startup.VersionLoggerListener.log Command line argument: -Dignore.endorsed.dirs=
28-Apr-2022 20:58:05.260 INFO [main] org.apache.catalina.startup.VersionLoggerListener.log Command line argument: -Dcatalina.base=E:\Programs\Tomcat\apache-tomcat-10.0.20
28-Apr-2022 20:58:05.260 INFO [main] org.apache.catalina.startup.VersionLoggerListener.log Command line argument: -Dcatalina.home=E:\Programs\Tomcat\apache-tomcat-10.0.20
28-Apr-2022 20:58:05.261 INFO [main] org.apache.catalina.startup.VersionLoggerListener.log Command line argument: -Djava.io.tmpdir=E:\Programs\Tomcat\apache-tomcat-10.0.20\temp
28-Apr-2022 20:58:05.441 INFO [main] org.apache.catalina.core.AprLifecycleListener.lifecycleEvent Loaded Apache Tomcat Native library [1.2.32] using APR version [1.7.0].
28-Apr-2022 20:58:05.442 INFO [main] org.apache.catalina.core.AprLifecycleListener.lifecycleEvent APR capabilities: IPv6 [true], sendfile [true], accept filters [false], random [true], UDS [true].
28-Apr-2022 20:58:05.469 INFO [main] org.apache.catalina.core.AprLifecycleListener.initializeSSL OpenSSL successfully initialized [OpenSSL 1.1.1n  15 Mar 2022]
28-Apr-2022 20:58:05.712 INFO [main] org.apache.coyote.AbstractProtocol.init Initializing ProtocolHandler ["http-nio-8080"]
28-Apr-2022 20:58:05.732 INFO [main] org.apache.catalina.startup.Catalina.load Server initialization in [669] milliseconds
28-Apr-2022 20:58:05.780 INFO [main] org.apache.catalina.core.StandardService.startInternal Starting service [Catalina]
28-Apr-2022 20:58:05.780 INFO [main] org.apache.catalina.core.StandardEngine.startInternal Starting Servlet engine: [Apache Tomcat/10.0.20]
28-Apr-2022 20:58:05.793 INFO [main] org.apache.catalina.startup.HostConfig.deployDirectory Deploying web application directory [E:\Programs\Tomcat\apache-tomcat-10.0.20\webapps\docs]
28-Apr-2022 20:58:06.144 INFO [main] org.apache.catalina.startup.HostConfig.deployDirectory Deployment of web application directory [E:\Programs\Tomcat\apache-tomcat-10.0.20\webapps\docs] has finished in [350] ms
28-Apr-2022 20:58:06.175 INFO [main] org.apache.catalina.startup.HostConfig.deployDirectory Deploying web application directory [E:\Programs\Tomcat\apache-tomcat-10.0.20\webapps\examples]
28-Apr-2022 20:58:07.115 INFO [main] org.apache.catalina.startup.HostConfig.deployDirectory Deployment of web application directory [E:\Programs\Tomcat\apache-tomcat-10.0.20\webapps\examples] has finished in [940] ms
28-Apr-2022 20:58:07.116 INFO [main] org.apache.catalina.startup.HostConfig.deployDirectory Deploying web application directory [E:\Programs\Tomcat\apache-tomcat-10.0.20\webapps\host-manager]
28-Apr-2022 20:58:07.169 INFO [main] org.apache.catalina.startup.HostConfig.deployDirectory Deployment of web application directory [E:\Programs\Tomcat\apache-tomcat-10.0.20\webapps\host-manager] has finished in [53] ms
28-Apr-2022 20:58:07.169 INFO [main] org.apache.catalina.startup.HostConfig.deployDirectory Deploying web application directory [E:\Programs\Tomcat\apache-tomcat-10.0.20\webapps\manager]
28-Apr-2022 20:58:07.229 INFO [main] org.apache.catalina.startup.HostConfig.deployDirectory Deployment of web application directory [E:\Programs\Tomcat\apache-tomcat-10.0.20\webapps\manager] has finished in [60] ms
28-Apr-2022 20:58:07.230 INFO [main] org.apache.catalina.startup.HostConfig.deployDirectory Deploying web application directory [E:\Programs\Tomcat\apache-tomcat-10.0.20\webapps\ROOT]
28-Apr-2022 20:58:07.320 INFO [main] org.apache.catalina.startup.HostConfig.deployDirectory Deployment of web application directory [E:\Programs\Tomcat\apache-tomcat-10.0.20\webapps\ROOT] has finished in [89] ms
28-Apr-2022 20:58:07.323 INFO [main] org.apache.coyote.AbstractProtocol.start Starting ProtocolHandler ["http-nio-8080"]
28-Apr-2022 20:58:07.385 INFO [main] org.apache.catalina.startup.Catalina.start Server startup in [1651] milliseconds
28-Apr-2022 21:01:17.737 INFO [Catalina-utility-1] org.apache.catalina.startup.HostConfig.reload Reloading context []
28-Apr-2022 21:01:17.738 INFO [Catalina-utility-1] org.apache.catalina.core.StandardContext.reload Reloading Context with name [] has started
28-Apr-2022 21:01:17.787 INFO [Catalina-utility-1] org.apache.catalina.core.StandardContext.reload Reloading Context with name [] is completed
28-Apr-2022 21:05:36.252 INFO [main] org.apache.catalina.startup.VersionLoggerListener.log Server version name:   Apache Tomcat/10.0.20
28-Apr-2022 21:05:36.257 INFO [main] org.apache.catalina.startup.VersionLoggerListener.log Server built:          Mar 31 2022 14:24:36 UTC
28-Apr-2022 21:05:36.257 INFO [main] org.apache.catalina.startup.VersionLoggerListener.log Server version number: 10.0.20.0
28-Apr-2022 21:05:36.257 INFO [main] org.apache.catalina.startup.VersionLoggerListener.log OS Name:               Windows 10
28-Apr-2022 21:05:36.257 INFO [main] org.apache.catalina.startup.VersionLoggerListener.log OS Version:            10.0
28-Apr-2022 21:05:36.258 INFO [main] org.apache.catalina.startup.VersionLoggerListener.log Architecture:          amd64
28-Apr-2022 21:05:36.258 INFO [main] org.apache.catalina.startup.VersionLoggerListener.log Java Home:             C:\Program Files\Java\jdk-17.0.1
28-Apr-2022 21:05:36.258 INFO [main] org.apache.catalina.startup.VersionLoggerListener.log JVM Version:           17.0.1+12-LTS-39
28-Apr-2022 21:05:36.259 INFO [main] org.apache.catalina.startup.VersionLoggerListener.log JVM Vendor:            Oracle Corporation
28-Apr-2022 21:05:36.259 INFO [main] org.apache.catalina.startup.VersionLoggerListener.log CATALINA_BASE:         E:\Programs\Tomcat\apache-tomcat-10.0.20
28-Apr-2022 21:05:36.259 INFO [main] org.apache.catalina.startup.VersionLoggerListener.log CATALINA_HOME:         E:\Programs\Tomcat\apache-tomcat-10.0.20
28-Apr-2022 21:05:36.269 INFO [main] org.apache.catalina.startup.VersionLoggerListener.log Command line argument: --add-opens=java.base/java.lang=ALL-UNNAMED
28-Apr-2022 21:05:36.270 INFO [main] org.apache.catalina.startup.VersionLoggerListener.log Command line argument: --add-opens=java.base/java.io=ALL-UNNAMED
28-Apr-2022 21:05:36.271 INFO [main] org.apache.catalina.startup.VersionLoggerListener.log Command line argument: --add-opens=java.base/java.util=ALL-UNNAMED
28-Apr-2022 21:05:36.272 INFO [main] org.apache.catalina.startup.VersionLoggerListener.log Command line argument: --add-opens=java.base/java.util.concurrent=ALL-UNNAMED
28-Apr-2022 21:05:36.272 INFO [main] org.apache.catalina.startup.VersionLoggerListener.log Command line argument: --add-opens=java.rmi/sun.rmi.transport=ALL-UNNAMED
28-Apr-2022 21:05:36.272 INFO [main] org.apache.catalina.startup.VersionLoggerListener.log Command line argument: -Djava.util.logging.config.file=E:\Programs\Tomcat\apache-tomcat-10.0.20\conf\logging.properties
28-Apr-2022 21:05:36.273 INFO [main] org.apache.catalina.startup.VersionLoggerListener.log Command line argument: -Djava.util.logging.manager=org.apache.juli.ClassLoaderLogManager
28-Apr-2022 21:05:36.274 INFO [main] org.apache.catalina.startup.VersionLoggerListener.log Command line argument: -Djdk.tls.ephemeralDHKeySize=2048
28-Apr-2022 21:05:36.274 INFO [main] org.apache.catalina.startup.VersionLoggerListener.log Command line argument: -Djava.protocol.handler.pkgs=org.apache.catalina.webresources
28-Apr-2022 21:05:36.275 INFO [main] org.apache.catalina.startup.VersionLoggerListener.log Command line argument: -Dignore.endorsed.dirs=
28-Apr-2022 21:05:36.276 INFO [main] org.apache.catalina.startup.VersionLoggerListener.log Command line argument: -Dcatalina.base=E:\Programs\Tomcat\apache-tomcat-10.0.20
28-Apr-2022 21:05:36.277 INFO [main] org.apache.catalina.startup.VersionLoggerListener.log Command line argument: -Dcatalina.home=E:\Programs\Tomcat\apache-tomcat-10.0.20
28-Apr-2022 21:05:36.278 INFO [main] org.apache.catalina.startup.VersionLoggerListener.log Command line argument: -Djava.io.tmpdir=E:\Programs\Tomcat\apache-tomcat-10.0.20\temp
28-Apr-2022 21:05:36.281 INFO [main] org.apache.catalina.core.AprLifecycleListener.lifecycleEvent Loaded Apache Tomcat Native library [1.2.32] using APR version [1.7.0].
28-Apr-2022 21:05:36.282 INFO [main] org.apache.catalina.core.AprLifecycleListener.lifecycleEvent APR capabilities: IPv6 [true], sendfile [true], accept filters [false], random [true], UDS [true].
28-Apr-2022 21:05:36.286 INFO [main] org.apache.catalina.core.AprLifecycleListener.initializeSSL OpenSSL successfully initialized [OpenSSL 1.1.1n  15 Mar 2022]
28-Apr-2022 21:05:36.525 INFO [main] org.apache.coyote.AbstractProtocol.init Initializing ProtocolHandler ["http-nio-8080"]
28-Apr-2022 21:05:36.546 INFO [main] org.apache.catalina.startup.Catalina.load Server initialization in [461] milliseconds
28-Apr-2022 21:05:36.590 INFO [main] org.apache.catalina.core.StandardService.startInternal Starting service [Catalina]
28-Apr-2022 21:05:36.591 INFO [main] org.apache.catalina.core.StandardEngine.startInternal Starting Servlet engine: [Apache Tomcat/10.0.20]
28-Apr-2022 21:05:36.600 INFO [main] org.apache.catalina.startup.HostConfig.deployDirectory Deploying web application directory [E:\Programs\Tomcat\apache-tomcat-10.0.20\webapps\docs]
28-Apr-2022 21:05:36.920 INFO [main] org.apache.catalina.startup.HostConfig.deployDirectory Deployment of web application directory [E:\Programs\Tomcat\apache-tomcat-10.0.20\webapps\docs] has finished in [319] ms
28-Apr-2022 21:05:36.920 INFO [main] org.apache.catalina.startup.HostConfig.deployDirectory Deploying web application directory [E:\Programs\Tomcat\apache-tomcat-10.0.20\webapps\examples]
28-Apr-2022 21:05:37.475 INFO [main] org.apache.catalina.startup.HostConfig.deployDirectory Deployment of web application directory [E:\Programs\Tomcat\apache-tomcat-10.0.20\webapps\examples] has finished in [555] ms
28-Apr-2022 21:05:37.475 INFO [main] org.apache.catalina.startup.HostConfig.deployDirectory Deploying web application directory [E:\Programs\Tomcat\apache-tomcat-10.0.20\webapps\host-manager]
28-Apr-2022 21:05:37.528 INFO [main] org.apache.catalina.startup.HostConfig.deployDirectory Deployment of web application directory [E:\Programs\Tomcat\apache-tomcat-10.0.20\webapps\host-manager] has finished in [53] ms
28-Apr-2022 21:05:37.529 INFO [main] org.apache.catalina.startup.HostConfig.deployDirectory Deploying web application directory [E:\Programs\Tomcat\apache-tomcat-10.0.20\webapps\manager]
28-Apr-2022 21:05:37.591 INFO [main] org.apache.catalina.startup.HostConfig.deployDirectory Deployment of web application directory [E:\Programs\Tomcat\apache-tomcat-10.0.20\webapps\manager] has finished in [62] ms
28-Apr-2022 21:05:37.591 INFO [main] org.apache.catalina.startup.HostConfig.deployDirectory Deploying web application directory [E:\Programs\Tomcat\apache-tomcat-10.0.20\webapps\ROOT]
28-Apr-2022 21:05:37.647 INFO [main] org.apache.catalina.startup.HostConfig.deployDirectory Deployment of web application directory [E:\Programs\Tomcat\apache-tomcat-10.0.20\webapps\ROOT] has finished in [56] ms
28-Apr-2022 21:05:37.652 INFO [main] org.apache.coyote.AbstractProtocol.start Starting ProtocolHandler ["http-nio-8080"]
28-Apr-2022 21:05:37.724 INFO [main] org.apache.catalina.startup.Catalina.start Server startup in [1176] milliseconds
28-Apr-2022 21:10:39.953 INFO [main] org.apache.catalina.startup.VersionLoggerListener.log Server version name:   Apache Tomcat/10.0.20
28-Apr-2022 21:10:39.958 INFO [main] org.apache.catalina.startup.VersionLoggerListener.log Server built:          Mar 31 2022 14:24:36 UTC
28-Apr-2022 21:10:39.959 INFO [main] org.apache.catalina.startup.VersionLoggerListener.log Server version number: 10.0.20.0
28-Apr-2022 21:10:39.959 INFO [main] org.apache.catalina.startup.VersionLoggerListener.log OS Name:               Windows 10
28-Apr-2022 21:10:39.959 INFO [main] org.apache.catalina.startup.VersionLoggerListener.log OS Version:            10.0
28-Apr-2022 21:10:39.959 INFO [main] org.apache.catalina.startup.VersionLoggerListener.log Architecture:          amd64
28-Apr-2022 21:10:39.959 INFO [main] org.apache.catalina.startup.VersionLoggerListener.log Java Home:             C:\Program Files\Java\jdk-17.0.1
28-Apr-2022 21:10:39.960 INFO [main] org.apache.catalina.startup.VersionLoggerListener.log JVM Version:           17.0.1+12-LTS-39
28-Apr-2022 21:10:39.960 INFO [main] org.apache.catalina.startup.VersionLoggerListener.log JVM Vendor:            Oracle Corporation
28-Apr-2022 21:10:39.960 INFO [main] org.apache.catalina.startup.VersionLoggerListener.log CATALINA_BASE:         E:\Programs\Tomcat\apache-tomcat-10.0.20
28-Apr-2022 21:10:39.960 INFO [main] org.apache.catalina.startup.VersionLoggerListener.log CATALINA_HOME:         E:\Programs\Tomcat\apache-tomcat-10.0.20
28-Apr-2022 21:10:39.968 INFO [main] org.apache.catalina.startup.VersionLoggerListener.log Command line argument: --add-opens=java.base/java.lang=ALL-UNNAMED
28-Apr-2022 21:10:39.968 INFO [main] org.apache.catalina.startup.VersionLoggerListener.log Command line argument: --add-opens=java.base/java.io=ALL-UNNAMED
28-Apr-2022 21:10:39.969 INFO [main] org.apache.catalina.startup.VersionLoggerListener.log Command line argument: --add-opens=java.base/java.util=ALL-UNNAMED
28-Apr-2022 21:10:39.969 INFO [main] org.apache.catalina.startup.VersionLoggerListener.log Command line argument: --add-opens=java.base/java.util.concurrent=ALL-UNNAMED
28-Apr-2022 21:10:39.969 INFO [main] org.apache.catalina.startup.VersionLoggerListener.log Command line argument: --add-opens=java.rmi/sun.rmi.transport=ALL-UNNAMED
28-Apr-2022 21:10:39.969 INFO [main] org.apache.catalina.startup.VersionLoggerListener.log Command line argument: -Djava.util.logging.config.file=E:\Programs\Tomcat\apache-tomcat-10.0.20\conf\logging.properties
28-Apr-2022 21:10:39.970 INFO [main] org.apache.catalina.startup.VersionLoggerListener.log Command line argument: -Djava.util.logging.manager=org.apache.juli.ClassLoaderLogManager
28-Apr-2022 21:10:39.970 INFO [main] org.apache.catalina.startup.VersionLoggerListener.log Command line argument: -Djdk.tls.ephemeralDHKeySize=2048
28-Apr-2022 21:10:39.971 INFO [main] org.apache.catalina.startup.VersionLoggerListener.log Command line argument: -Djava.protocol.handler.pkgs=org.apache.catalina.webresources
28-Apr-2022 21:10:39.971 INFO [main] org.apache.catalina.startup.VersionLoggerListener.log Command line argument: -Dignore.endorsed.dirs=
28-Apr-2022 21:10:39.971 INFO [main] org.apache.catalina.startup.VersionLoggerListener.log Command line argument: -Dcatalina.base=E:\Programs\Tomcat\apache-tomcat-10.0.20
28-Apr-2022 21:10:39.972 INFO [main] org.apache.catalina.startup.VersionLoggerListener.log Command line argument: -Dcatalina.home=E:\Programs\Tomcat\apache-tomcat-10.0.20
28-Apr-2022 21:10:39.972 INFO [main] org.apache.catalina.startup.VersionLoggerListener.log Command line argument: -Djava.io.tmpdir=E:\Programs\Tomcat\apache-tomcat-10.0.20\temp
28-Apr-2022 21:10:39.976 INFO [main] org.apache.catalina.core.AprLifecycleListener.lifecycleEvent Loaded Apache Tomcat Native library [1.2.32] using APR version [1.7.0].
28-Apr-2022 21:10:39.976 INFO [main] org.apache.catalina.core.AprLifecycleListener.lifecycleEvent APR capabilities: IPv6 [true], sendfile [true], accept filters [false], random [true], UDS [true].
28-Apr-2022 21:10:39.982 INFO [main] org.apache.catalina.core.AprLifecycleListener.initializeSSL OpenSSL successfully initialized [OpenSSL 1.1.1n  15 Mar 2022]
28-Apr-2022 21:10:40.210 INFO [main] org.apache.coyote.AbstractProtocol.init Initializing ProtocolHandler ["http-nio-8080"]
28-Apr-2022 21:10:40.233 INFO [main] org.apache.catalina.startup.Catalina.load Server initialization in [437] milliseconds
28-Apr-2022 21:10:40.274 INFO [main] org.apache.catalina.core.StandardService.startInternal Starting service [Catalina]
28-Apr-2022 21:10:40.275 INFO [main] org.apache.catalina.core.StandardEngine.startInternal Starting Servlet engine: [Apache Tomcat/10.0.20]
28-Apr-2022 21:10:40.288 INFO [main] org.apache.catalina.startup.HostConfig.deployDirectory Deploying web application directory [E:\Programs\Tomcat\apache-tomcat-10.0.20\webapps\docs]
28-Apr-2022 21:10:40.600 INFO [main] org.apache.catalina.startup.HostConfig.deployDirectory Deployment of web application directory [E:\Programs\Tomcat\apache-tomcat-10.0.20\webapps\docs] has finished in [311] ms
28-Apr-2022 21:10:40.600 INFO [main] org.apache.catalina.startup.HostConfig.deployDirectory Deploying web application directory [E:\Programs\Tomcat\apache-tomcat-10.0.20\webapps\examples]
28-Apr-2022 21:10:41.154 INFO [main] org.apache.catalina.startup.HostConfig.deployDirectory Deployment of web application directory [E:\Programs\Tomcat\apache-tomcat-10.0.20\webapps\examples] has finished in [553] ms
28-Apr-2022 21:10:41.154 INFO [main] org.apache.catalina.startup.HostConfig.deployDirectory Deploying web application directory [E:\Programs\Tomcat\apache-tomcat-10.0.20\webapps\host-manager]
28-Apr-2022 21:10:41.207 INFO [main] org.apache.catalina.startup.HostConfig.deployDirectory Deployment of web application directory [E:\Programs\Tomcat\apache-tomcat-10.0.20\webapps\host-manager] has finished in [52] ms
28-Apr-2022 21:10:41.207 INFO [main] org.apache.catalina.startup.HostConfig.deployDirectory Deploying web application directory [E:\Programs\Tomcat\apache-tomcat-10.0.20\webapps\manager]
28-Apr-2022 21:10:41.265 INFO [main] org.apache.catalina.startup.HostConfig.deployDirectory Deployment of web application directory [E:\Programs\Tomcat\apache-tomcat-10.0.20\webapps\manager] has finished in [57] ms
28-Apr-2022 21:10:41.265 INFO [main] org.apache.catalina.startup.HostConfig.deployDirectory Deploying web application directory [E:\Programs\Tomcat\apache-tomcat-10.0.20\webapps\ROOT]
28-Apr-2022 21:10:41.309 INFO [main] org.apache.catalina.startup.HostConfig.deployDirectory Deployment of web application directory [E:\Programs\Tomcat\apache-tomcat-10.0.20\webapps\ROOT] has finished in [44] ms
28-Apr-2022 21:10:41.313 INFO [main] org.apache.coyote.AbstractProtocol.start Starting ProtocolHandler ["http-nio-8080"]
28-Apr-2022 21:10:41.374 INFO [main] org.apache.catalina.startup.Catalina.start Server startup in [1140] milliseconds
28-Apr-2022 21:15:08.433 INFO [main] org.apache.catalina.startup.VersionLoggerListener.log Server version name:   Apache Tomcat/10.0.20
28-Apr-2022 21:15:08.437 INFO [main] org.apache.catalina.startup.VersionLoggerListener.log Server built:          Mar 31 2022 14:24:36 UTC
28-Apr-2022 21:15:08.437 INFO [main] org.apache.catalina.startup.VersionLoggerListener.log Server version number: 10.0.20.0
28-Apr-2022 21:15:08.438 INFO [main] org.apache.catalina.startup.VersionLoggerListener.log OS Name:               Windows 10
28-Apr-2022 21:15:08.438 INFO [main] org.apache.catalina.startup.VersionLoggerListener.log OS Version:            10.0
28-Apr-2022 21:15:08.438 INFO [main] org.apache.catalina.startup.VersionLoggerListener.log Architecture:          amd64
28-Apr-2022 21:15:08.438 INFO [main] org.apache.catalina.startup.VersionLoggerListener.log Java Home:             C:\Program Files\Java\jdk-17.0.1
28-Apr-2022 21:15:08.438 INFO [main] org.apache.catalina.startup.VersionLoggerListener.log JVM Version:           17.0.1+12-LTS-39
28-Apr-2022 21:15:08.438 INFO [main] org.apache.catalina.startup.VersionLoggerListener.log JVM Vendor:            Oracle Corporation
28-Apr-2022 21:15:08.439 INFO [main] org.apache.catalina.startup.VersionLoggerListener.log CATALINA_BASE:         E:\Programs\Tomcat\apache-tomcat-10.0.20
28-Apr-2022 21:15:08.439 INFO [main] org.apache.catalina.startup.VersionLoggerListener.log CATALINA_HOME:         E:\Programs\Tomcat\apache-tomcat-10.0.20
28-Apr-2022 21:15:08.449 INFO [main] org.apache.catalina.startup.VersionLoggerListener.log Command line argument: --add-opens=java.base/java.lang=ALL-UNNAMED
28-Apr-2022 21:15:08.449 INFO [main] org.apache.catalina.startup.VersionLoggerListener.log Command line argument: --add-opens=java.base/java.io=ALL-UNNAMED
28-Apr-2022 21:15:08.449 INFO [main] org.apache.catalina.startup.VersionLoggerListener.log Command line argument: --add-opens=java.base/java.util=ALL-UNNAMED
28-Apr-2022 21:15:08.449 INFO [main] org.apache.catalina.startup.VersionLoggerListener.log Command line argument: --add-opens=java.base/java.util.concurrent=ALL-UNNAMED
28-Apr-2022 21:15:08.449 INFO [main] org.apache.catalina.startup.VersionLoggerListener.log Command line argument: --add-opens=java.rmi/sun.rmi.transport=ALL-UNNAMED
28-Apr-2022 21:15:08.450 INFO [main] org.apache.catalina.startup.VersionLoggerListener.log Command line argument: -Djava.util.logging.config.file=E:\Programs\Tomcat\apache-tomcat-10.0.20\conf\logging.properties
28-Apr-2022 21:15:08.451 INFO [main] org.apache.catalina.startup.VersionLoggerListener.log Command line argument: -Djava.util.logging.manager=org.apache.juli.ClassLoaderLogManager
28-Apr-2022 21:15:08.451 INFO [main] org.apache.catalina.startup.VersionLoggerListener.log Command line argument: -Djdk.tls.ephemeralDHKeySize=2048
28-Apr-2022 21:15:08.452 INFO [main] org.apache.catalina.startup.VersionLoggerListener.log Command line argument: -Djava.protocol.handler.pkgs=org.apache.catalina.webresources
28-Apr-2022 21:15:08.452 INFO [main] org.apache.catalina.startup.VersionLoggerListener.log Command line argument: -Dignore.endorsed.dirs=
28-Apr-2022 21:15:08.452 INFO [main] org.apache.catalina.startup.VersionLoggerListener.log Command line argument: -Dcatalina.base=E:\Programs\Tomcat\apache-tomcat-10.0.20
28-Apr-2022 21:15:08.453 INFO [main] org.apache.catalina.startup.VersionLoggerListener.log Command line argument: -Dcatalina.home=E:\Programs\Tomcat\apache-tomcat-10.0.20
28-Apr-2022 21:15:08.453 INFO [main] org.apache.catalina.startup.VersionLoggerListener.log Command line argument: -Djava.io.tmpdir=E:\Programs\Tomcat\apache-tomcat-10.0.20\temp
28-Apr-2022 21:15:08.458 INFO [main] org.apache.catalina.core.AprLifecycleListener.lifecycleEvent Loaded Apache Tomcat Native library [1.2.32] using APR version [1.7.0].
28-Apr-2022 21:15:08.458 INFO [main] org.apache.catalina.core.AprLifecycleListener.lifecycleEvent APR capabilities: IPv6 [true], sendfile [true], accept filters [false], random [true], UDS [true].
28-Apr-2022 21:15:08.462 INFO [main] org.apache.catalina.core.AprLifecycleListener.initializeSSL OpenSSL successfully initialized [OpenSSL 1.1.1n  15 Mar 2022]
28-Apr-2022 21:15:08.689 INFO [main] org.apache.coyote.AbstractProtocol.init Initializing ProtocolHandler ["http-nio-8080"]
28-Apr-2022 21:15:08.711 INFO [main] org.apache.catalina.startup.Catalina.load Server initialization in [445] milliseconds
28-Apr-2022 21:15:08.757 INFO [main] org.apache.catalina.core.StandardService.startInternal Starting service [Catalina]
28-Apr-2022 21:15:08.757 INFO [main] org.apache.catalina.core.StandardEngine.startInternal Starting Servlet engine: [Apache Tomcat/10.0.20]
28-Apr-2022 21:15:08.769 INFO [main] org.apache.catalina.startup.HostConfig.deployDirectory Deploying web application directory [E:\Programs\Tomcat\apache-tomcat-10.0.20\webapps\docs]
28-Apr-2022 21:15:09.079 INFO [main] org.apache.catalina.startup.HostConfig.deployDirectory Deployment of web application directory [E:\Programs\Tomcat\apache-tomcat-10.0.20\webapps\docs] has finished in [309] ms
28-Apr-2022 21:15:09.079 INFO [main] org.apache.catalina.startup.HostConfig.deployDirectory Deploying web application directory [E:\Programs\Tomcat\apache-tomcat-10.0.20\webapps\examples]
28-Apr-2022 21:15:09.647 INFO [main] org.apache.catalina.startup.HostConfig.deployDirectory Deployment of web application directory [E:\Programs\Tomcat\apache-tomcat-10.0.20\webapps\examples] has finished in [567] ms
28-Apr-2022 21:15:09.647 INFO [main] org.apache.catalina.startup.HostConfig.deployDirectory Deploying web application directory [E:\Programs\Tomcat\apache-tomcat-10.0.20\webapps\host-manager]
28-Apr-2022 21:15:09.704 INFO [main] org.apache.catalina.startup.HostConfig.deployDirectory Deployment of web application directory [E:\Programs\Tomcat\apache-tomcat-10.0.20\webapps\host-manager] has finished in [57] ms
28-Apr-2022 21:15:09.704 INFO [main] org.apache.catalina.startup.HostConfig.deployDirectory Deploying web application directory [E:\Programs\Tomcat\apache-tomcat-10.0.20\webapps\manager]
28-Apr-2022 21:15:09.773 INFO [main] org.apache.catalina.startup.HostConfig.deployDirectory Deployment of web application directory [E:\Programs\Tomcat\apache-tomcat-10.0.20\webapps\manager] has finished in [69] ms
28-Apr-2022 21:15:09.774 INFO [main] org.apache.catalina.startup.HostConfig.deployDirectory Deploying web application directory [E:\Programs\Tomcat\apache-tomcat-10.0.20\webapps\ROOT]
28-Apr-2022 21:15:09.823 INFO [main] org.apache.catalina.startup.HostConfig.deployDirectory Deployment of web application directory [E:\Programs\Tomcat\apache-tomcat-10.0.20\webapps\ROOT] has finished in [50] ms
28-Apr-2022 21:15:09.826 INFO [main] org.apache.coyote.AbstractProtocol.start Starting ProtocolHandler ["http-nio-8080"]
28-Apr-2022 21:15:09.885 INFO [main] org.apache.catalina.startup.Catalina.start Server startup in [1173] milliseconds
28-Apr-2022 23:48:22.626 INFO [main] org.apache.catalina.startup.VersionLoggerListener.log Server version name:   Apache Tomcat/10.0.20
28-Apr-2022 23:48:22.629 INFO [main] org.apache.catalina.startup.VersionLoggerListener.log Server built:          Mar 31 2022 14:24:36 UTC
28-Apr-2022 23:48:22.630 INFO [main] org.apache.catalina.startup.VersionLoggerListener.log Server version number: 10.0.20.0
28-Apr-2022 23:48:22.630 INFO [main] org.apache.catalina.startup.VersionLoggerListener.log OS Name:               Windows 10
28-Apr-2022 23:48:22.630 INFO [main] org.apache.catalina.startup.VersionLoggerListener.log OS Version:            10.0
28-Apr-2022 23:48:22.630 INFO [main] org.apache.catalina.startup.VersionLoggerListener.log Architecture:          amd64
28-Apr-2022 23:48:22.630 INFO [main] org.apache.catalina.startup.VersionLoggerListener.log Java Home:             C:\Program Files\Java\jdk-17.0.1
28-Apr-2022 23:48:22.631 INFO [main] org.apache.catalina.startup.VersionLoggerListener.log JVM Version:           17.0.1+12-LTS-39
28-Apr-2022 23:48:22.631 INFO [main] org.apache.catalina.startup.VersionLoggerListener.log JVM Vendor:            Oracle Corporation
28-Apr-2022 23:48:22.631 INFO [main] org.apache.catalina.startup.VersionLoggerListener.log CATALINA_BASE:         E:\Programs\Tomcat\apache-tomcat-10.0.20
28-Apr-2022 23:48:22.631 INFO [main] org.apache.catalina.startup.VersionLoggerListener.log CATALINA_HOME:         E:\Programs\Tomcat\apache-tomcat-10.0.20
28-Apr-2022 23:48:22.641 INFO [main] org.apache.catalina.startup.VersionLoggerListener.log Command line argument: --add-opens=java.base/java.lang=ALL-UNNAMED
28-Apr-2022 23:48:22.641 INFO [main] org.apache.catalina.startup.VersionLoggerListener.log Command line argument: --add-opens=java.base/java.io=ALL-UNNAMED
28-Apr-2022 23:48:22.642 INFO [main] org.apache.catalina.startup.VersionLoggerListener.log Command line argument: --add-opens=java.base/java.util=ALL-UNNAMED
28-Apr-2022 23:48:22.642 INFO [main] org.apache.catalina.startup.VersionLoggerListener.log Command line argument: --add-opens=java.base/java.util.concurrent=ALL-UNNAMED
28-Apr-2022 23:48:22.642 INFO [main] org.apache.catalina.startup.VersionLoggerListener.log Command line argument: --add-opens=java.rmi/sun.rmi.transport=ALL-UNNAMED
28-Apr-2022 23:48:22.643 INFO [main] org.apache.catalina.startup.VersionLoggerListener.log Command line argument: -Djava.util.logging.config.file=E:\Programs\Tomcat\apache-tomcat-10.0.20\conf\logging.properties
28-Apr-2022 23:48:22.644 INFO [main] org.apache.catalina.startup.VersionLoggerListener.log Command line argument: -Djava.util.logging.manager=org.apache.juli.ClassLoaderLogManager
28-Apr-2022 23:48:22.644 INFO [main] org.apache.catalina.startup.VersionLoggerListener.log Command line argument: -Djdk.tls.ephemeralDHKeySize=2048
28-Apr-2022 23:48:22.645 INFO [main] org.apache.catalina.startup.VersionLoggerListener.log Command line argument: -Djava.protocol.handler.pkgs=org.apache.catalina.webresources
28-Apr-2022 23:48:22.645 INFO [main] org.apache.catalina.startup.VersionLoggerListener.log Command line argument: -Dignore.endorsed.dirs=
28-Apr-2022 23:48:22.645 INFO [main] org.apache.catalina.startup.VersionLoggerListener.log Command line argument: -Dcatalina.base=E:\Programs\Tomcat\apache-tomcat-10.0.20
28-Apr-2022 23:48:22.646 INFO [main] org.apache.catalina.startup.VersionLoggerListener.log Command line argument: -Dcatalina.home=E:\Programs\Tomcat\apache-tomcat-10.0.20
28-Apr-2022 23:48:22.646 INFO [main] org.apache.catalina.startup.VersionLoggerListener.log Command line argument: -Djava.io.tmpdir=E:\Programs\Tomcat\apache-tomcat-10.0.20\temp
28-Apr-2022 23:48:22.650 INFO [main] org.apache.catalina.core.AprLifecycleListener.lifecycleEvent Loaded Apache Tomcat Native library [1.2.32] using APR version [1.7.0].
28-Apr-2022 23:48:22.650 INFO [main] org.apache.catalina.core.AprLifecycleListener.lifecycleEvent APR capabilities: IPv6 [true], sendfile [true], accept filters [false], random [true], UDS [true].
28-Apr-2022 23:48:22.655 INFO [main] org.apache.catalina.core.AprLifecycleListener.initializeSSL OpenSSL successfully initialized [OpenSSL 1.1.1n  15 Mar 2022]
28-Apr-2022 23:48:22.889 INFO [main] org.apache.coyote.AbstractProtocol.init Initializing ProtocolHandler ["http-nio-8080"]
28-Apr-2022 23:48:22.911 INFO [main] org.apache.catalina.startup.Catalina.load Server initialization in [448] milliseconds
28-Apr-2022 23:48:22.956 INFO [main] org.apache.catalina.core.StandardService.startInternal Starting service [Catalina]
28-Apr-2022 23:48:22.956 INFO [main] org.apache.catalina.core.StandardEngine.startInternal Starting Servlet engine: [Apache Tomcat/10.0.20]
28-Apr-2022 23:48:22.967 INFO [main] org.apache.catalina.startup.HostConfig.deployDirectory Deploying web application directory [E:\Programs\Tomcat\apache-tomcat-10.0.20\webapps\docs]
28-Apr-2022 23:48:23.271 INFO [main] org.apache.catalina.startup.HostConfig.deployDirectory Deployment of web application directory [E:\Programs\Tomcat\apache-tomcat-10.0.20\webapps\docs] has finished in [304] ms
28-Apr-2022 23:48:23.272 INFO [main] org.apache.catalina.startup.HostConfig.deployDirectory Deploying web application directory [E:\Programs\Tomcat\apache-tomcat-10.0.20\webapps\examples]
28-Apr-2022 23:48:23.880 INFO [main] org.apache.catalina.startup.HostConfig.deployDirectory Deployment of web application directory [E:\Programs\Tomcat\apache-tomcat-10.0.20\webapps\examples] has finished in [609] ms
28-Apr-2022 23:48:23.880 INFO [main] org.apache.catalina.startup.HostConfig.deployDirectory Deploying web application directory [E:\Programs\Tomcat\apache-tomcat-10.0.20\webapps\host-manager]
28-Apr-2022 23:48:23.941 INFO [main] org.apache.catalina.startup.HostConfig.deployDirectory Deployment of web application directory [E:\Programs\Tomcat\apache-tomcat-10.0.20\webapps\host-manager] has finished in [61] ms
28-Apr-2022 23:48:23.941 INFO [main] org.apache.catalina.startup.HostConfig.deployDirectory Deploying web application directory [E:\Programs\Tomcat\apache-tomcat-10.0.20\webapps\manager]
28-Apr-2022 23:48:24.006 INFO [main] org.apache.catalina.startup.HostConfig.deployDirectory Deployment of web application directory [E:\Programs\Tomcat\apache-tomcat-10.0.20\webapps\manager] has finished in [65] ms
28-Apr-2022 23:48:24.007 INFO [main] org.apache.catalina.startup.HostConfig.deployDirectory Deploying web application directory [E:\Programs\Tomcat\apache-tomcat-10.0.20\webapps\ROOT]
28-Apr-2022 23:48:24.056 INFO [main] org.apache.catalina.startup.HostConfig.deployDirectory Deployment of web application directory [E:\Programs\Tomcat\apache-tomcat-10.0.20\webapps\ROOT] has finished in [49] ms
28-Apr-2022 23:48:24.059 INFO [main] org.apache.coyote.AbstractProtocol.start Starting ProtocolHandler ["http-nio-8080"]
28-Apr-2022 23:48:24.116 INFO [main] org.apache.catalina.startup.Catalina.start Server startup in [1204] milliseconds
