08-May-2022 14:06:36.817 INFO [main] org.apache.catalina.core.ApplicationContext.log ContextListener: contextInitialized()
08-May-2022 14:06:36.817 INFO [main] org.apache.catalina.core.ApplicationContext.log SessionListener: contextInitialized()
08-May-2022 14:06:36.819 INFO [main] org.apache.catalina.core.ApplicationContext.log ContextListener: attributeAdded('StockTicker', 'async.Stockticker@7829b776')
08-May-2022 14:09:24.762 INFO [main] org.apache.catalina.core.ApplicationContext.log ContextListener: contextInitialized()
08-May-2022 14:09:24.763 INFO [main] org.apache.catalina.core.ApplicationContext.log SessionListener: contextInitialized()
08-May-2022 14:09:24.765 INFO [main] org.apache.catalina.core.ApplicationContext.log ContextListener: attributeAdded('StockTicker', 'async.Stockticker@7829b776')
08-May-2022 14:12:54.375 INFO [main] org.apache.catalina.core.ApplicationContext.log ContextListener: contextInitialized()
08-May-2022 14:12:54.375 INFO [main] org.apache.catalina.core.ApplicationContext.log SessionListener: contextInitialized()
08-May-2022 14:12:54.377 INFO [main] org.apache.catalina.core.ApplicationContext.log ContextListener: attributeAdded('StockTicker', 'async.Stockticker@3f446bef')
08-May-2022 14:13:49.949 INFO [main] org.apache.catalina.core.ApplicationContext.log ContextListener: contextInitialized()
08-May-2022 14:13:49.949 INFO [main] org.apache.catalina.core.ApplicationContext.log SessionListener: contextInitialized()
08-May-2022 14:13:49.951 INFO [main] org.apache.catalina.core.ApplicationContext.log ContextListener: attributeAdded('StockTicker', 'async.Stockticker@3f446bef')
08-May-2022 14:14:41.342 INFO [main] org.apache.catalina.core.ApplicationContext.log ContextListener: contextInitialized()
08-May-2022 14:14:41.343 INFO [main] org.apache.catalina.core.ApplicationContext.log SessionListener: contextInitialized()
08-May-2022 14:14:41.345 INFO [main] org.apache.catalina.core.ApplicationContext.log ContextListener: attributeAdded('StockTicker', 'async.Stockticker@7829b776')
08-May-2022 15:02:28.281 INFO [main] org.apache.catalina.core.ApplicationContext.log ContextListener: contextInitialized()
08-May-2022 15:02:28.281 INFO [main] org.apache.catalina.core.ApplicationContext.log SessionListener: contextInitialized()
08-May-2022 15:02:28.283 INFO [main] org.apache.catalina.core.ApplicationContext.log ContextListener: attributeAdded('StockTicker', 'async.Stockticker@54227100')
08-May-2022 15:02:38.541 SEVERE [http-nio-8080-exec-3] org.apache.catalina.core.StandardWrapperValve.invoke Servlet.service() for servlet [GUIHandler] in context with path [] threw exception [Servlet execution threw an exception] with root cause
	java.lang.ClassNotFoundException: phraseSearching
		at org.apache.catalina.loader.WebappClassLoaderBase.loadClass(WebappClassLoaderBase.java:1449)
		at org.apache.catalina.loader.WebappClassLoaderBase.loadClass(WebappClassLoaderBase.java:1257)
		at GUI.doPost(GUI.java:12)
		at jakarta.servlet.http.HttpServlet.service(HttpServlet.java:694)
		at jakarta.servlet.http.HttpServlet.service(HttpServlet.java:777)
		at org.apache.catalina.core.ApplicationFilterChain.internalDoFilter(ApplicationFilterChain.java:223)
		at org.apache.catalina.core.ApplicationFilterChain.doFilter(ApplicationFilterChain.java:158)
		at org.apache.tomcat.websocket.server.WsFilter.doFilter(WsFilter.java:53)
		at org.apache.catalina.core.ApplicationFilterChain.internalDoFilter(ApplicationFilterChain.java:185)
		at org.apache.catalina.core.ApplicationFilterChain.doFilter(ApplicationFilterChain.java:158)
		at org.apache.catalina.core.StandardWrapperValve.invoke(StandardWrapperValve.java:197)
		at org.apache.catalina.core.StandardContextValve.invoke(StandardContextValve.java:97)
		at org.apache.catalina.authenticator.AuthenticatorBase.invoke(AuthenticatorBase.java:542)
		at org.apache.catalina.core.StandardHostValve.invoke(StandardHostValve.java:119)
		at org.apache.catalina.valves.ErrorReportValve.invoke(ErrorReportValve.java:92)
		at org.apache.catalina.valves.AbstractAccessLogValve.invoke(AbstractAccessLogValve.java:690)
		at org.apache.catalina.core.StandardEngineValve.invoke(StandardEngineValve.java:78)
		at org.apache.catalina.connector.CoyoteAdapter.service(CoyoteAdapter.java:356)
		at org.apache.coyote.http11.Http11Processor.service(Http11Processor.java:399)
		at org.apache.coyote.AbstractProcessorLight.process(AbstractProcessorLight.java:65)
		at org.apache.coyote.AbstractProtocol$ConnectionHandler.process(AbstractProtocol.java:867)
		at org.apache.tomcat.util.net.NioEndpoint$SocketProcessor.doRun(NioEndpoint.java:1716)
		at org.apache.tomcat.util.net.SocketProcessorBase.run(SocketProcessorBase.java:49)
		at org.apache.tomcat.util.threads.ThreadPoolExecutor.runWorker(ThreadPoolExecutor.java:1191)
		at org.apache.tomcat.util.threads.ThreadPoolExecutor$Worker.run(ThreadPoolExecutor.java:659)
		at org.apache.tomcat.util.threads.TaskThread$WrappingRunnable.run(TaskThread.java:61)
		at java.base/java.lang.Thread.run(Thread.java:833)
08-May-2022 15:15:04.936 INFO [main] org.apache.catalina.core.ApplicationContext.log ContextListener: contextInitialized()
08-May-2022 15:15:04.936 INFO [main] org.apache.catalina.core.ApplicationContext.log SessionListener: contextInitialized()
08-May-2022 15:15:04.938 INFO [main] org.apache.catalina.core.ApplicationContext.log ContextListener: attributeAdded('StockTicker', 'async.Stockticker@7829b776')
08-May-2022 15:15:21.074 SEVERE [http-nio-8080-exec-4] org.apache.catalina.core.StandardWrapperValve.invoke Servlet.service() for servlet [GUIHandler] in context with path [] threw exception [Servlet execution threw an exception] with root cause
	java.lang.ClassNotFoundException: phraseSearching
		at org.apache.catalina.loader.WebappClassLoaderBase.loadClass(WebappClassLoaderBase.java:1449)
		at org.apache.catalina.loader.WebappClassLoaderBase.loadClass(WebappClassLoaderBase.java:1257)
		at GUI.doPost(GUI.java:12)
		at jakarta.servlet.http.HttpServlet.service(HttpServlet.java:694)
		at jakarta.servlet.http.HttpServlet.service(HttpServlet.java:777)
		at org.apache.catalina.core.ApplicationFilterChain.internalDoFilter(ApplicationFilterChain.java:223)
		at org.apache.catalina.core.ApplicationFilterChain.doFilter(ApplicationFilterChain.java:158)
		at org.apache.tomcat.websocket.server.WsFilter.doFilter(WsFilter.java:53)
		at org.apache.catalina.core.ApplicationFilterChain.internalDoFilter(ApplicationFilterChain.java:185)
		at org.apache.catalina.core.ApplicationFilterChain.doFilter(ApplicationFilterChain.java:158)
		at org.apache.catalina.core.StandardWrapperValve.invoke(StandardWrapperValve.java:197)
		at org.apache.catalina.core.StandardContextValve.invoke(StandardContextValve.java:97)
		at org.apache.catalina.authenticator.AuthenticatorBase.invoke(AuthenticatorBase.java:542)
		at org.apache.catalina.core.StandardHostValve.invoke(StandardHostValve.java:119)
		at org.apache.catalina.valves.ErrorReportValve.invoke(ErrorReportValve.java:92)
		at org.apache.catalina.valves.AbstractAccessLogValve.invoke(AbstractAccessLogValve.java:690)
		at org.apache.catalina.core.StandardEngineValve.invoke(StandardEngineValve.java:78)
		at org.apache.catalina.connector.CoyoteAdapter.service(CoyoteAdapter.java:356)
		at org.apache.coyote.http11.Http11Processor.service(Http11Processor.java:399)
		at org.apache.coyote.AbstractProcessorLight.process(AbstractProcessorLight.java:65)
		at org.apache.coyote.AbstractProtocol$ConnectionHandler.process(AbstractProtocol.java:867)
		at org.apache.tomcat.util.net.NioEndpoint$SocketProcessor.doRun(NioEndpoint.java:1716)
		at org.apache.tomcat.util.net.SocketProcessorBase.run(SocketProcessorBase.java:49)
		at org.apache.tomcat.util.threads.ThreadPoolExecutor.runWorker(ThreadPoolExecutor.java:1191)
		at org.apache.tomcat.util.threads.ThreadPoolExecutor$Worker.run(ThreadPoolExecutor.java:659)
		at org.apache.tomcat.util.threads.TaskThread$WrappingRunnable.run(TaskThread.java:61)
		at java.base/java.lang.Thread.run(Thread.java:833)
08-May-2022 15:15:54.363 INFO [main] org.apache.catalina.core.ApplicationContext.log ContextListener: contextInitialized()
08-May-2022 15:15:54.363 INFO [main] org.apache.catalina.core.ApplicationContext.log SessionListener: contextInitialized()
08-May-2022 15:15:54.365 INFO [main] org.apache.catalina.core.ApplicationContext.log ContextListener: attributeAdded('StockTicker', 'async.Stockticker@1433046b')
08-May-2022 15:15:57.016 SEVERE [http-nio-8080-exec-1] org.apache.catalina.core.StandardWrapperValve.invoke Servlet.service() for servlet [GUIHandler] in context with path [] threw exception [Servlet execution threw an exception] with root cause
	java.lang.ClassNotFoundException: phraseSearching
		at org.apache.catalina.loader.WebappClassLoaderBase.loadClass(WebappClassLoaderBase.java:1449)
		at org.apache.catalina.loader.WebappClassLoaderBase.loadClass(WebappClassLoaderBase.java:1257)
		at GUI.doPost(GUI.java:12)
		at jakarta.servlet.http.HttpServlet.service(HttpServlet.java:694)
		at jakarta.servlet.http.HttpServlet.service(HttpServlet.java:777)
		at org.apache.catalina.core.ApplicationFilterChain.internalDoFilter(ApplicationFilterChain.java:223)
		at org.apache.catalina.core.ApplicationFilterChain.doFilter(ApplicationFilterChain.java:158)
		at org.apache.tomcat.websocket.server.WsFilter.doFilter(WsFilter.java:53)
		at org.apache.catalina.core.ApplicationFilterChain.internalDoFilter(ApplicationFilterChain.java:185)
		at org.apache.catalina.core.ApplicationFilterChain.doFilter(ApplicationFilterChain.java:158)
		at org.apache.catalina.core.StandardWrapperValve.invoke(StandardWrapperValve.java:197)
		at org.apache.catalina.core.StandardContextValve.invoke(StandardContextValve.java:97)
		at org.apache.catalina.authenticator.AuthenticatorBase.invoke(AuthenticatorBase.java:542)
		at org.apache.catalina.core.StandardHostValve.invoke(StandardHostValve.java:119)
		at org.apache.catalina.valves.ErrorReportValve.invoke(ErrorReportValve.java:92)
		at org.apache.catalina.valves.AbstractAccessLogValve.invoke(AbstractAccessLogValve.java:690)
		at org.apache.catalina.core.StandardEngineValve.invoke(StandardEngineValve.java:78)
		at org.apache.catalina.connector.CoyoteAdapter.service(CoyoteAdapter.java:356)
		at org.apache.coyote.http11.Http11Processor.service(Http11Processor.java:399)
		at org.apache.coyote.AbstractProcessorLight.process(AbstractProcessorLight.java:65)
		at org.apache.coyote.AbstractProtocol$ConnectionHandler.process(AbstractProtocol.java:867)
		at org.apache.tomcat.util.net.NioEndpoint$SocketProcessor.doRun(NioEndpoint.java:1716)
		at org.apache.tomcat.util.net.SocketProcessorBase.run(SocketProcessorBase.java:49)
		at org.apache.tomcat.util.threads.ThreadPoolExecutor.runWorker(ThreadPoolExecutor.java:1191)
		at org.apache.tomcat.util.threads.ThreadPoolExecutor$Worker.run(ThreadPoolExecutor.java:659)
		at org.apache.tomcat.util.threads.TaskThread$WrappingRunnable.run(TaskThread.java:61)
		at java.base/java.lang.Thread.run(Thread.java:833)
08-May-2022 15:16:16.904 INFO [main] org.apache.catalina.core.ApplicationContext.log ContextListener: contextInitialized()
08-May-2022 15:16:16.905 INFO [main] org.apache.catalina.core.ApplicationContext.log SessionListener: contextInitialized()
08-May-2022 15:16:16.908 INFO [main] org.apache.catalina.core.ApplicationContext.log ContextListener: attributeAdded('StockTicker', 'async.Stockticker@1433046b')
08-May-2022 15:17:42.830 INFO [main] org.apache.catalina.core.ApplicationContext.log ContextListener: contextInitialized()
08-May-2022 15:17:42.830 INFO [main] org.apache.catalina.core.ApplicationContext.log SessionListener: contextInitialized()
08-May-2022 15:17:42.832 INFO [main] org.apache.catalina.core.ApplicationContext.log ContextListener: attributeAdded('StockTicker', 'async.Stockticker@7829b776')
08-May-2022 15:17:49.420 SEVERE [http-nio-8080-exec-7] org.apache.catalina.core.StandardWrapperValve.invoke Servlet.service() for servlet [GUIHandler] in context with path [] threw exception [Servlet execution threw an exception] with root cause
	java.lang.ClassNotFoundException: org.bson.conversions.Bson
		at org.apache.catalina.loader.WebappClassLoaderBase.loadClass(WebappClassLoaderBase.java:1449)
		at org.apache.catalina.loader.WebappClassLoaderBase.loadClass(WebappClassLoaderBase.java:1257)
		at phraseSearching.phraseSearchingFunc(phraseSearching.java:16)
		at GUI.doPost(GUI.java:12)
		at jakarta.servlet.http.HttpServlet.service(HttpServlet.java:694)
		at jakarta.servlet.http.HttpServlet.service(HttpServlet.java:777)
		at org.apache.catalina.core.ApplicationFilterChain.internalDoFilter(ApplicationFilterChain.java:223)
		at org.apache.catalina.core.ApplicationFilterChain.doFilter(ApplicationFilterChain.java:158)
		at org.apache.tomcat.websocket.server.WsFilter.doFilter(WsFilter.java:53)
		at org.apache.catalina.core.ApplicationFilterChain.internalDoFilter(ApplicationFilterChain.java:185)
		at org.apache.catalina.core.ApplicationFilterChain.doFilter(ApplicationFilterChain.java:158)
		at org.apache.catalina.core.StandardWrapperValve.invoke(StandardWrapperValve.java:197)
		at org.apache.catalina.core.StandardContextValve.invoke(StandardContextValve.java:97)
		at org.apache.catalina.authenticator.AuthenticatorBase.invoke(AuthenticatorBase.java:542)
		at org.apache.catalina.core.StandardHostValve.invoke(StandardHostValve.java:119)
		at org.apache.catalina.valves.ErrorReportValve.invoke(ErrorReportValve.java:92)
		at org.apache.catalina.valves.AbstractAccessLogValve.invoke(AbstractAccessLogValve.java:690)
		at org.apache.catalina.core.StandardEngineValve.invoke(StandardEngineValve.java:78)
		at org.apache.catalina.connector.CoyoteAdapter.service(CoyoteAdapter.java:356)
		at org.apache.coyote.http11.Http11Processor.service(Http11Processor.java:399)
		at org.apache.coyote.AbstractProcessorLight.process(AbstractProcessorLight.java:65)
		at org.apache.coyote.AbstractProtocol$ConnectionHandler.process(AbstractProtocol.java:867)
		at org.apache.tomcat.util.net.NioEndpoint$SocketProcessor.doRun(NioEndpoint.java:1716)
		at org.apache.tomcat.util.net.SocketProcessorBase.run(SocketProcessorBase.java:49)
		at org.apache.tomcat.util.threads.ThreadPoolExecutor.runWorker(ThreadPoolExecutor.java:1191)
		at org.apache.tomcat.util.threads.ThreadPoolExecutor$Worker.run(ThreadPoolExecutor.java:659)
		at org.apache.tomcat.util.threads.TaskThread$WrappingRunnable.run(TaskThread.java:61)
		at java.base/java.lang.Thread.run(Thread.java:833)
08-May-2022 15:19:49.009 INFO [main] org.apache.catalina.core.ApplicationContext.log ContextListener: contextInitialized()
08-May-2022 15:19:49.009 INFO [main] org.apache.catalina.core.ApplicationContext.log SessionListener: contextInitialized()
08-May-2022 15:19:49.012 INFO [main] org.apache.catalina.core.ApplicationContext.log ContextListener: attributeAdded('StockTicker', 'async.Stockticker@3a60c416')
08-May-2022 15:19:58.253 SEVERE [http-nio-8080-exec-6] org.apache.catalina.core.StandardWrapperValve.invoke Servlet.service() for servlet [GUIHandler] in context with path [] threw exception [Servlet execution threw an exception] with root cause
	java.lang.ClassNotFoundException: org.bson.conversions.Bson
		at org.apache.catalina.loader.WebappClassLoaderBase.loadClass(WebappClassLoaderBase.java:1449)
		at org.apache.catalina.loader.WebappClassLoaderBase.loadClass(WebappClassLoaderBase.java:1257)
		at phraseSearching.phraseSearchingFunc(phraseSearching.java:16)
		at GUI.doPost(GUI.java:12)
		at jakarta.servlet.http.HttpServlet.service(HttpServlet.java:694)
		at jakarta.servlet.http.HttpServlet.service(HttpServlet.java:777)
		at org.apache.catalina.core.ApplicationFilterChain.internalDoFilter(ApplicationFilterChain.java:223)
		at org.apache.catalina.core.ApplicationFilterChain.doFilter(ApplicationFilterChain.java:158)
		at org.apache.tomcat.websocket.server.WsFilter.doFilter(WsFilter.java:53)
		at org.apache.catalina.core.ApplicationFilterChain.internalDoFilter(ApplicationFilterChain.java:185)
		at org.apache.catalina.core.ApplicationFilterChain.doFilter(ApplicationFilterChain.java:158)
		at org.apache.catalina.core.StandardWrapperValve.invoke(StandardWrapperValve.java:197)
		at org.apache.catalina.core.StandardContextValve.invoke(StandardContextValve.java:97)
		at org.apache.catalina.authenticator.AuthenticatorBase.invoke(AuthenticatorBase.java:542)
		at org.apache.catalina.core.StandardHostValve.invoke(StandardHostValve.java:119)
		at org.apache.catalina.valves.ErrorReportValve.invoke(ErrorReportValve.java:92)
		at org.apache.catalina.valves.AbstractAccessLogValve.invoke(AbstractAccessLogValve.java:690)
		at org.apache.catalina.core.StandardEngineValve.invoke(StandardEngineValve.java:78)
		at org.apache.catalina.connector.CoyoteAdapter.service(CoyoteAdapter.java:356)
		at org.apache.coyote.http11.Http11Processor.service(Http11Processor.java:399)
		at org.apache.coyote.AbstractProcessorLight.process(AbstractProcessorLight.java:65)
		at org.apache.coyote.AbstractProtocol$ConnectionHandler.process(AbstractProtocol.java:867)
		at org.apache.tomcat.util.net.NioEndpoint$SocketProcessor.doRun(NioEndpoint.java:1716)
		at org.apache.tomcat.util.net.SocketProcessorBase.run(SocketProcessorBase.java:49)
		at org.apache.tomcat.util.threads.ThreadPoolExecutor.runWorker(ThreadPoolExecutor.java:1191)
		at org.apache.tomcat.util.threads.ThreadPoolExecutor$Worker.run(ThreadPoolExecutor.java:659)
		at org.apache.tomcat.util.threads.TaskThread$WrappingRunnable.run(TaskThread.java:61)
		at java.base/java.lang.Thread.run(Thread.java:833)
08-May-2022 15:36:43.208 INFO [main] org.apache.catalina.core.ApplicationContext.log ContextListener: contextInitialized()
08-May-2022 15:36:43.208 INFO [main] org.apache.catalina.core.ApplicationContext.log SessionListener: contextInitialized()
08-May-2022 15:36:43.210 INFO [main] org.apache.catalina.core.ApplicationContext.log ContextListener: attributeAdded('StockTicker', 'async.Stockticker@1f12e153')
08-May-2022 15:40:00.373 INFO [main] org.apache.catalina.core.ApplicationContext.log ContextListener: contextInitialized()
08-May-2022 15:40:00.373 INFO [main] org.apache.catalina.core.ApplicationContext.log SessionListener: contextInitialized()
08-May-2022 15:40:00.375 INFO [main] org.apache.catalina.core.ApplicationContext.log ContextListener: attributeAdded('StockTicker', 'async.Stockticker@7ea42c82')
08-May-2022 15:42:51.323 INFO [main] org.apache.catalina.core.ApplicationContext.log ContextListener: contextInitialized()
08-May-2022 15:42:51.324 INFO [main] org.apache.catalina.core.ApplicationContext.log SessionListener: contextInitialized()
08-May-2022 15:42:51.326 INFO [main] org.apache.catalina.core.ApplicationContext.log ContextListener: attributeAdded('StockTicker', 'async.Stockticker@7ea42c82')
08-May-2022 15:44:41.548 INFO [main] org.apache.catalina.core.ApplicationContext.log ContextListener: contextInitialized()
08-May-2022 15:44:41.548 INFO [main] org.apache.catalina.core.ApplicationContext.log SessionListener: contextInitialized()
08-May-2022 15:44:41.550 INFO [main] org.apache.catalina.core.ApplicationContext.log ContextListener: attributeAdded('StockTicker', 'async.Stockticker@7ea42c82')
08-May-2022 15:45:15.269 INFO [main] org.apache.catalina.core.ApplicationContext.log ContextListener: contextInitialized()
08-May-2022 15:45:15.269 INFO [main] org.apache.catalina.core.ApplicationContext.log SessionListener: contextInitialized()
08-May-2022 15:45:15.272 INFO [main] org.apache.catalina.core.ApplicationContext.log ContextListener: attributeAdded('StockTicker', 'async.Stockticker@7364f68')
08-May-2022 16:02:42.742 INFO [main] org.apache.catalina.core.ApplicationContext.log ContextListener: contextInitialized()
08-May-2022 16:02:42.742 INFO [main] org.apache.catalina.core.ApplicationContext.log SessionListener: contextInitialized()
08-May-2022 16:02:42.746 INFO [main] org.apache.catalina.core.ApplicationContext.log ContextListener: attributeAdded('StockTicker', 'async.Stockticker@7364f68')
08-May-2022 16:02:54.883 INFO [http-nio-8080-exec-5] org.apache.catalina.core.ApplicationContext.log Marking servlet [GUIHandler] as unavailable
08-May-2022 16:02:54.883 SEVERE [http-nio-8080-exec-5] org.apache.catalina.core.StandardWrapperValve.invoke Allocate exception for servlet [GUIHandler]
	java.lang.ClassNotFoundException: GUI
		at org.apache.catalina.loader.WebappClassLoaderBase.loadClass(WebappClassLoaderBase.java:1449)
		at org.apache.catalina.loader.WebappClassLoaderBase.loadClass(WebappClassLoaderBase.java:1257)
		at org.apache.catalina.core.DefaultInstanceManager.loadClass(DefaultInstanceManager.java:535)
		at org.apache.catalina.core.DefaultInstanceManager.loadClassMaybePrivileged(DefaultInstanceManager.java:516)
		at org.apache.catalina.core.DefaultInstanceManager.newInstance(DefaultInstanceManager.java:150)
		at org.apache.catalina.core.StandardWrapper.loadServlet(StandardWrapper.java:1071)
		at org.apache.catalina.core.StandardWrapper.allocate(StandardWrapper.java:789)
		at org.apache.catalina.core.StandardWrapperValve.invoke(StandardWrapperValve.java:128)
		at org.apache.catalina.core.StandardContextValve.invoke(StandardContextValve.java:97)
		at org.apache.catalina.authenticator.AuthenticatorBase.invoke(AuthenticatorBase.java:542)
		at org.apache.catalina.core.StandardHostValve.invoke(StandardHostValve.java:119)
		at org.apache.catalina.valves.ErrorReportValve.invoke(ErrorReportValve.java:92)
		at org.apache.catalina.valves.AbstractAccessLogValve.invoke(AbstractAccessLogValve.java:690)
		at org.apache.catalina.core.StandardEngineValve.invoke(StandardEngineValve.java:78)
		at org.apache.catalina.connector.CoyoteAdapter.service(CoyoteAdapter.java:356)
		at org.apache.coyote.http11.Http11Processor.service(Http11Processor.java:399)
		at org.apache.coyote.AbstractProcessorLight.process(AbstractProcessorLight.java:65)
		at org.apache.coyote.AbstractProtocol$ConnectionHandler.process(AbstractProtocol.java:867)
		at org.apache.tomcat.util.net.NioEndpoint$SocketProcessor.doRun(NioEndpoint.java:1716)
		at org.apache.tomcat.util.net.SocketProcessorBase.run(SocketProcessorBase.java:49)
		at org.apache.tomcat.util.threads.ThreadPoolExecutor.runWorker(ThreadPoolExecutor.java:1191)
		at org.apache.tomcat.util.threads.ThreadPoolExecutor$Worker.run(ThreadPoolExecutor.java:659)
		at org.apache.tomcat.util.threads.TaskThread$WrappingRunnable.run(TaskThread.java:61)
		at java.base/java.lang.Thread.run(Thread.java:833)
08-May-2022 16:05:08.507 INFO [main] org.apache.catalina.core.ApplicationContext.log ContextListener: contextInitialized()
08-May-2022 16:05:08.507 INFO [main] org.apache.catalina.core.ApplicationContext.log SessionListener: contextInitialized()
08-May-2022 16:05:08.512 INFO [main] org.apache.catalina.core.ApplicationContext.log ContextListener: attributeAdded('StockTicker', 'async.Stockticker@7ea42c82')
08-May-2022 16:07:06.765 INFO [main] org.apache.catalina.core.ApplicationContext.log ContextListener: contextInitialized()
08-May-2022 16:07:06.766 INFO [main] org.apache.catalina.core.ApplicationContext.log SessionListener: contextInitialized()
08-May-2022 16:07:06.768 INFO [main] org.apache.catalina.core.ApplicationContext.log ContextListener: attributeAdded('StockTicker', 'async.Stockticker@7364f68')
08-May-2022 16:08:01.724 INFO [main] org.apache.catalina.core.ApplicationContext.log ContextListener: contextInitialized()
08-May-2022 16:08:01.724 INFO [main] org.apache.catalina.core.ApplicationContext.log SessionListener: contextInitialized()
08-May-2022 16:08:01.727 INFO [main] org.apache.catalina.core.ApplicationContext.log ContextListener: attributeAdded('StockTicker', 'async.Stockticker@7364f68')
08-May-2022 16:16:30.031 INFO [main] org.apache.catalina.core.ApplicationContext.log ContextListener: contextInitialized()
08-May-2022 16:16:30.031 INFO [main] org.apache.catalina.core.ApplicationContext.log SessionListener: contextInitialized()
08-May-2022 16:16:30.034 INFO [main] org.apache.catalina.core.ApplicationContext.log ContextListener: attributeAdded('StockTicker', 'async.Stockticker@7ea42c82')
08-May-2022 16:28:49.044 INFO [main] org.apache.catalina.core.ApplicationContext.log ContextListener: contextInitialized()
08-May-2022 16:28:49.044 INFO [main] org.apache.catalina.core.ApplicationContext.log SessionListener: contextInitialized()
08-May-2022 16:28:49.050 INFO [main] org.apache.catalina.core.ApplicationContext.log ContextListener: attributeAdded('StockTicker', 'async.Stockticker@7364f68')
08-May-2022 16:30:30.719 INFO [main] org.apache.catalina.core.ApplicationContext.log ContextListener: contextInitialized()
08-May-2022 16:30:30.719 INFO [main] org.apache.catalina.core.ApplicationContext.log SessionListener: contextInitialized()
08-May-2022 16:30:30.722 INFO [main] org.apache.catalina.core.ApplicationContext.log ContextListener: attributeAdded('StockTicker', 'async.Stockticker@7ea42c82')
08-May-2022 16:38:38.966 INFO [main] org.apache.catalina.core.ApplicationContext.log ContextListener: contextInitialized()
08-May-2022 16:38:38.966 INFO [main] org.apache.catalina.core.ApplicationContext.log SessionListener: contextInitialized()
08-May-2022 16:38:38.969 INFO [main] org.apache.catalina.core.ApplicationContext.log ContextListener: attributeAdded('StockTicker', 'async.Stockticker@27e199ce')
08-May-2022 16:40:04.264 INFO [main] org.apache.catalina.core.ApplicationContext.log ContextListener: contextInitialized()
08-May-2022 16:40:04.264 INFO [main] org.apache.catalina.core.ApplicationContext.log SessionListener: contextInitialized()
08-May-2022 16:40:04.267 INFO [main] org.apache.catalina.core.ApplicationContext.log ContextListener: attributeAdded('StockTicker', 'async.Stockticker@55a0f011')
08-May-2022 16:41:04.342 INFO [main] org.apache.catalina.core.ApplicationContext.log ContextListener: contextInitialized()
08-May-2022 16:41:04.342 INFO [main] org.apache.catalina.core.ApplicationContext.log SessionListener: contextInitialized()
08-May-2022 16:41:04.345 INFO [main] org.apache.catalina.core.ApplicationContext.log ContextListener: attributeAdded('StockTicker', 'async.Stockticker@7364f68')
08-May-2022 16:42:45.075 INFO [main] org.apache.catalina.core.ApplicationContext.log ContextListener: contextInitialized()
08-May-2022 16:42:45.075 INFO [main] org.apache.catalina.core.ApplicationContext.log SessionListener: contextInitialized()
08-May-2022 16:42:45.077 INFO [main] org.apache.catalina.core.ApplicationContext.log ContextListener: attributeAdded('StockTicker', 'async.Stockticker@1c3b6963')
08-May-2022 16:45:24.794 INFO [main] org.apache.catalina.core.ApplicationContext.log ContextListener: contextInitialized()
08-May-2022 16:45:24.794 INFO [main] org.apache.catalina.core.ApplicationContext.log SessionListener: contextInitialized()
08-May-2022 16:45:24.799 INFO [main] org.apache.catalina.core.ApplicationContext.log ContextListener: attributeAdded('StockTicker', 'async.Stockticker@7364f68')
08-May-2022 16:46:14.443 INFO [main] org.apache.catalina.core.ApplicationContext.log ContextListener: contextInitialized()
08-May-2022 16:46:14.443 INFO [main] org.apache.catalina.core.ApplicationContext.log SessionListener: contextInitialized()
08-May-2022 16:46:14.446 INFO [main] org.apache.catalina.core.ApplicationContext.log ContextListener: attributeAdded('StockTicker', 'async.Stockticker@39133244')
08-May-2022 16:47:11.208 INFO [main] org.apache.catalina.core.ApplicationContext.log ContextListener: contextInitialized()
08-May-2022 16:47:11.208 INFO [main] org.apache.catalina.core.ApplicationContext.log SessionListener: contextInitialized()
08-May-2022 16:47:11.211 INFO [main] org.apache.catalina.core.ApplicationContext.log ContextListener: attributeAdded('StockTicker', 'async.Stockticker@7364f68')
08-May-2022 16:48:16.233 INFO [main] org.apache.catalina.core.ApplicationContext.log ContextListener: contextInitialized()
08-May-2022 16:48:16.233 INFO [main] org.apache.catalina.core.ApplicationContext.log SessionListener: contextInitialized()
08-May-2022 16:48:16.235 INFO [main] org.apache.catalina.core.ApplicationContext.log ContextListener: attributeAdded('StockTicker', 'async.Stockticker@7ea42c82')
08-May-2022 16:54:04.687 INFO [main] org.apache.catalina.core.ApplicationContext.log ContextListener: contextInitialized()
08-May-2022 16:54:04.687 INFO [main] org.apache.catalina.core.ApplicationContext.log SessionListener: contextInitialized()
08-May-2022 16:54:04.691 INFO [main] org.apache.catalina.core.ApplicationContext.log ContextListener: attributeAdded('StockTicker', 'async.Stockticker@7ea42c82')
08-May-2022 16:55:51.653 INFO [main] org.apache.catalina.core.ApplicationContext.log ContextListener: contextInitialized()
08-May-2022 16:55:51.653 INFO [main] org.apache.catalina.core.ApplicationContext.log SessionListener: contextInitialized()
08-May-2022 16:55:51.655 INFO [main] org.apache.catalina.core.ApplicationContext.log ContextListener: attributeAdded('StockTicker', 'async.Stockticker@27e199ce')
08-May-2022 17:06:01.848 INFO [main] org.apache.catalina.core.ApplicationContext.log ContextListener: contextInitialized()
08-May-2022 17:06:01.848 INFO [main] org.apache.catalina.core.ApplicationContext.log SessionListener: contextInitialized()
08-May-2022 17:06:01.851 INFO [main] org.apache.catalina.core.ApplicationContext.log ContextListener: attributeAdded('StockTicker', 'async.Stockticker@7364f68')
08-May-2022 17:09:43.830 INFO [main] org.apache.catalina.core.ApplicationContext.log ContextListener: contextInitialized()
08-May-2022 17:09:43.830 INFO [main] org.apache.catalina.core.ApplicationContext.log SessionListener: contextInitialized()
08-May-2022 17:09:43.832 INFO [main] org.apache.catalina.core.ApplicationContext.log ContextListener: attributeAdded('StockTicker', 'async.Stockticker@7ea42c82')
08-May-2022 17:11:11.013 INFO [main] org.apache.catalina.core.ApplicationContext.log ContextListener: contextInitialized()
08-May-2022 17:11:11.014 INFO [main] org.apache.catalina.core.ApplicationContext.log SessionListener: contextInitialized()
08-May-2022 17:11:11.019 INFO [main] org.apache.catalina.core.ApplicationContext.log ContextListener: attributeAdded('StockTicker', 'async.Stockticker@7ea42c82')
08-May-2022 17:26:05.441 INFO [main] org.apache.catalina.core.ApplicationContext.log ContextListener: contextInitialized()
08-May-2022 17:26:05.441 INFO [main] org.apache.catalina.core.ApplicationContext.log SessionListener: contextInitialized()
08-May-2022 17:26:05.444 INFO [main] org.apache.catalina.core.ApplicationContext.log ContextListener: attributeAdded('StockTicker', 'async.Stockticker@55a0f011')
08-May-2022 17:28:31.502 INFO [main] org.apache.catalina.core.ApplicationContext.log ContextListener: contextInitialized()
08-May-2022 17:28:31.502 INFO [main] org.apache.catalina.core.ApplicationContext.log SessionListener: contextInitialized()
08-May-2022 17:28:31.506 INFO [main] org.apache.catalina.core.ApplicationContext.log ContextListener: attributeAdded('StockTicker', 'async.Stockticker@55a0f011')
08-May-2022 17:29:01.459 INFO [main] org.apache.catalina.core.ApplicationContext.log ContextListener: contextInitialized()
08-May-2022 17:29:01.459 INFO [main] org.apache.catalina.core.ApplicationContext.log SessionListener: contextInitialized()
08-May-2022 17:29:01.462 INFO [main] org.apache.catalina.core.ApplicationContext.log ContextListener: attributeAdded('StockTicker', 'async.Stockticker@7364f68')
