28-Apr-2022 20:58:07.102 INFO [main] org.apache.catalina.core.ApplicationContext.log ContextListener: contextInitialized()
28-Apr-2022 20:58:07.102 INFO [main] org.apache.catalina.core.ApplicationContext.log SessionListener: contextInitialized()
28-Apr-2022 20:58:07.105 INFO [main] org.apache.catalina.core.ApplicationContext.log ContextListener: attributeAdded('StockTicker', 'async.Stockticker@7d3430a7')
28-Apr-2022 21:05:37.461 INFO [main] org.apache.catalina.core.ApplicationContext.log ContextListener: contextInitialized()
28-Apr-2022 21:05:37.461 INFO [main] org.apache.catalina.core.ApplicationContext.log SessionListener: contextInitialized()
28-Apr-2022 21:05:37.463 INFO [main] org.apache.catalina.core.ApplicationContext.log ContextListener: attributeAdded('StockTicker', 'async.Stockticker@3f446bef')
28-Apr-2022 21:10:41.140 INFO [main] org.apache.catalina.core.ApplicationContext.log ContextListener: contextInitialized()
28-Apr-2022 21:10:41.140 INFO [main] org.apache.catalina.core.ApplicationContext.log SessionListener: contextInitialized()
28-Apr-2022 21:10:41.143 INFO [main] org.apache.catalina.core.ApplicationContext.log ContextListener: attributeAdded('StockTicker', 'async.Stockticker@7829b776')
28-Apr-2022 21:15:09.632 INFO [main] org.apache.catalina.core.ApplicationContext.log ContextListener: contextInitialized()
28-Apr-2022 21:15:09.632 INFO [main] org.apache.catalina.core.ApplicationContext.log SessionListener: contextInitialized()
28-Apr-2022 21:15:09.635 INFO [main] org.apache.catalina.core.ApplicationContext.log ContextListener: attributeAdded('StockTicker', 'async.Stockticker@1433046b')
28-Apr-2022 23:48:23.865 INFO [main] org.apache.catalina.core.ApplicationContext.log ContextListener: contextInitialized()
28-Apr-2022 23:48:23.865 INFO [main] org.apache.catalina.core.ApplicationContext.log SessionListener: contextInitialized()
28-Apr-2022 23:48:23.867 INFO [main] org.apache.catalina.core.ApplicationContext.log ContextListener: attributeAdded('StockTicker', 'async.Stockticker@1433046b')
28-Apr-2022 23:48:29.519 SEVERE [http-nio-8080-exec-1] org.apache.catalina.core.StandardWrapperValve.invoke Servlet.service() for servlet [MatrixServerHandler] in context with path [] threw exception
	java.lang.NullPointerException: Cannot invoke "java.lang.Integer.toString()" because "matrix.numbers[j][k]" is null
		at MatrixServer.html_matrix(MatrixServer.java:13)
		at MatrixServer.doGet(MatrixServer.java:42)
		at jakarta.servlet.http.HttpServlet.service(HttpServlet.java:668)
		at jakarta.servlet.http.HttpServlet.service(HttpServlet.java:777)
		at org.apache.catalina.core.ApplicationFilterChain.internalDoFilter(ApplicationFilterChain.java:223)
		at org.apache.catalina.core.ApplicationFilterChain.doFilter(ApplicationFilterChain.java:158)
		at org.apache.tomcat.websocket.server.WsFilter.doFilter(WsFilter.java:53)
		at org.apache.catalina.core.ApplicationFilterChain.internalDoFilter(ApplicationFilterChain.java:185)
		at org.apache.catalina.core.ApplicationFilterChain.doFilter(ApplicationFilterChain.java:158)
		at org.apache.catalina.core.StandardWrapperValve.invoke(StandardWrapperValve.java:197)
		at org.apache.catalina.core.StandardContextValve.invoke(StandardContextValve.java:97)
		at org.apache.catalina.authenticator.AuthenticatorBase.invoke(AuthenticatorBase.java:542)
		at org.apache.catalina.core.StandardHostValve.invoke(StandardHostValve.java:119)
		at org.apache.catalina.valves.ErrorReportValve.invoke(ErrorReportValve.java:92)
		at org.apache.catalina.valves.AbstractAccessLogValve.invoke(AbstractAccessLogValve.java:690)
		at org.apache.catalina.core.StandardEngineValve.invoke(StandardEngineValve.java:78)
		at org.apache.catalina.connector.CoyoteAdapter.service(CoyoteAdapter.java:356)
		at org.apache.coyote.http11.Http11Processor.service(Http11Processor.java:399)
		at org.apache.coyote.AbstractProcessorLight.process(AbstractProcessorLight.java:65)
		at org.apache.coyote.AbstractProtocol$ConnectionHandler.process(AbstractProtocol.java:867)
		at org.apache.tomcat.util.net.NioEndpoint$SocketProcessor.doRun(NioEndpoint.java:1716)
		at org.apache.tomcat.util.net.SocketProcessorBase.run(SocketProcessorBase.java:49)
		at org.apache.tomcat.util.threads.ThreadPoolExecutor.runWorker(ThreadPoolExecutor.java:1191)
		at org.apache.tomcat.util.threads.ThreadPoolExecutor$Worker.run(ThreadPoolExecutor.java:659)
		at org.apache.tomcat.util.threads.TaskThread$WrappingRunnable.run(TaskThread.java:61)
		at java.base/java.lang.Thread.run(Thread.java:833)
