26-Apr-2022 18:39:37.024 INFO [main] org.apache.catalina.core.ApplicationContext.log ContextListener: contextInitialized()
26-Apr-2022 18:39:37.024 INFO [main] org.apache.catalina.core.ApplicationContext.log SessionListener: contextInitialized()
26-Apr-2022 18:39:37.026 INFO [main] org.apache.catalina.core.ApplicationContext.log ContextListener: attributeAdded('StockTicker', 'async.Stockticker@1433046b')
26-Apr-2022 18:47:21.613 INFO [http-nio-8080-exec-8] org.apache.catalina.core.ApplicationContext.log Marking servlet [NameGenderHandler] as unavailable
26-Apr-2022 18:47:21.613 SEVERE [http-nio-8080-exec-8] org.apache.catalina.core.StandardWrapperValve.invoke Allocate exception for servlet [NameGenderHandler]
	java.lang.NoClassDefFoundError: com/company/NameGender (wrong name: NameGender)
		at java.base/java.lang.ClassLoader.defineClass1(Native Method)
		at java.base/java.lang.ClassLoader.defineClass(ClassLoader.java:1012)
		at java.base/java.security.SecureClassLoader.defineClass(SecureClassLoader.java:150)
		at org.apache.catalina.loader.WebappClassLoaderBase.findClassInternal(WebappClassLoaderBase.java:2527)
		at org.apache.catalina.loader.WebappClassLoaderBase.findClass(WebappClassLoaderBase.java:877)
		at org.apache.catalina.loader.WebappClassLoaderBase.loadClass(WebappClassLoaderBase.java:1413)
		at org.apache.catalina.loader.WebappClassLoaderBase.loadClass(WebappClassLoaderBase.java:1257)
		at org.apache.catalina.core.DefaultInstanceManager.loadClass(DefaultInstanceManager.java:535)
		at org.apache.catalina.core.DefaultInstanceManager.loadClassMaybePrivileged(DefaultInstanceManager.java:516)
		at org.apache.catalina.core.DefaultInstanceManager.newInstance(DefaultInstanceManager.java:150)
		at org.apache.catalina.core.StandardWrapper.loadServlet(StandardWrapper.java:1071)
		at org.apache.catalina.core.StandardWrapper.allocate(StandardWrapper.java:789)
		at org.apache.catalina.core.StandardWrapperValve.invoke(StandardWrapperValve.java:128)
		at org.apache.catalina.core.StandardContextValve.invoke(StandardContextValve.java:97)
		at org.apache.catalina.authenticator.AuthenticatorBase.invoke(AuthenticatorBase.java:542)
		at org.apache.catalina.core.StandardHostValve.invoke(StandardHostValve.java:119)
		at org.apache.catalina.valves.ErrorReportValve.invoke(ErrorReportValve.java:92)
		at org.apache.catalina.valves.AbstractAccessLogValve.invoke(AbstractAccessLogValve.java:690)
		at org.apache.catalina.core.StandardEngineValve.invoke(StandardEngineValve.java:78)
		at org.apache.catalina.connector.CoyoteAdapter.service(CoyoteAdapter.java:356)
		at org.apache.coyote.http11.Http11Processor.service(Http11Processor.java:399)
		at org.apache.coyote.AbstractProcessorLight.process(AbstractProcessorLight.java:65)
		at org.apache.coyote.AbstractProtocol$ConnectionHandler.process(AbstractProtocol.java:867)
		at org.apache.tomcat.util.net.NioEndpoint$SocketProcessor.doRun(NioEndpoint.java:1716)
		at org.apache.tomcat.util.net.SocketProcessorBase.run(SocketProcessorBase.java:49)
		at org.apache.tomcat.util.threads.ThreadPoolExecutor.runWorker(ThreadPoolExecutor.java:1191)
		at org.apache.tomcat.util.threads.ThreadPoolExecutor$Worker.run(ThreadPoolExecutor.java:659)
		at org.apache.tomcat.util.threads.TaskThread$WrappingRunnable.run(TaskThread.java:61)
		at java.base/java.lang.Thread.run(Thread.java:833)
26-Apr-2022 18:48:07.699 INFO [main] org.apache.catalina.core.ApplicationContext.log ContextListener: contextInitialized()
26-Apr-2022 18:48:07.699 INFO [main] org.apache.catalina.core.ApplicationContext.log SessionListener: contextInitialized()
26-Apr-2022 18:48:07.702 INFO [main] org.apache.catalina.core.ApplicationContext.log ContextListener: attributeAdded('StockTicker', 'async.Stockticker@7829b776')
26-Apr-2022 18:48:48.518 INFO [main] org.apache.catalina.core.ApplicationContext.log ContextListener: contextInitialized()
26-Apr-2022 18:48:48.518 INFO [main] org.apache.catalina.core.ApplicationContext.log SessionListener: contextInitialized()
26-Apr-2022 18:48:48.520 INFO [main] org.apache.catalina.core.ApplicationContext.log ContextListener: attributeAdded('StockTicker', 'async.Stockticker@7829b776')
26-Apr-2022 18:48:55.795 INFO [http-nio-8080-exec-1] org.apache.catalina.core.ApplicationContext.log Marking servlet [NameGenderHandler] as unavailable
26-Apr-2022 18:48:55.795 SEVERE [http-nio-8080-exec-1] org.apache.catalina.core.StandardWrapperValve.invoke Allocate exception for servlet [NameGenderHandler]
	java.lang.NoClassDefFoundError: com/company/NameGender (wrong name: NameGender)
		at java.base/java.lang.ClassLoader.defineClass1(Native Method)
		at java.base/java.lang.ClassLoader.defineClass(ClassLoader.java:1012)
		at java.base/java.security.SecureClassLoader.defineClass(SecureClassLoader.java:150)
		at org.apache.catalina.loader.WebappClassLoaderBase.findClassInternal(WebappClassLoaderBase.java:2527)
		at org.apache.catalina.loader.WebappClassLoaderBase.findClass(WebappClassLoaderBase.java:877)
		at org.apache.catalina.loader.WebappClassLoaderBase.loadClass(WebappClassLoaderBase.java:1413)
		at org.apache.catalina.loader.WebappClassLoaderBase.loadClass(WebappClassLoaderBase.java:1257)
		at org.apache.catalina.core.DefaultInstanceManager.loadClass(DefaultInstanceManager.java:535)
		at org.apache.catalina.core.DefaultInstanceManager.loadClassMaybePrivileged(DefaultInstanceManager.java:516)
		at org.apache.catalina.core.DefaultInstanceManager.newInstance(DefaultInstanceManager.java:150)
		at org.apache.catalina.core.StandardWrapper.loadServlet(StandardWrapper.java:1071)
		at org.apache.catalina.core.StandardWrapper.allocate(StandardWrapper.java:789)
		at org.apache.catalina.core.StandardWrapperValve.invoke(StandardWrapperValve.java:128)
		at org.apache.catalina.core.StandardContextValve.invoke(StandardContextValve.java:97)
		at org.apache.catalina.authenticator.AuthenticatorBase.invoke(AuthenticatorBase.java:542)
		at org.apache.catalina.core.StandardHostValve.invoke(StandardHostValve.java:119)
		at org.apache.catalina.valves.ErrorReportValve.invoke(ErrorReportValve.java:92)
		at org.apache.catalina.valves.AbstractAccessLogValve.invoke(AbstractAccessLogValve.java:690)
		at org.apache.catalina.core.StandardEngineValve.invoke(StandardEngineValve.java:78)
		at org.apache.catalina.connector.CoyoteAdapter.service(CoyoteAdapter.java:356)
		at org.apache.coyote.http11.Http11Processor.service(Http11Processor.java:399)
		at org.apache.coyote.AbstractProcessorLight.process(AbstractProcessorLight.java:65)
		at org.apache.coyote.AbstractProtocol$ConnectionHandler.process(AbstractProtocol.java:867)
		at org.apache.tomcat.util.net.NioEndpoint$SocketProcessor.doRun(NioEndpoint.java:1716)
		at org.apache.tomcat.util.net.SocketProcessorBase.run(SocketProcessorBase.java:49)
		at org.apache.tomcat.util.threads.ThreadPoolExecutor.runWorker(ThreadPoolExecutor.java:1191)
		at org.apache.tomcat.util.threads.ThreadPoolExecutor$Worker.run(ThreadPoolExecutor.java:659)
		at org.apache.tomcat.util.threads.TaskThread$WrappingRunnable.run(TaskThread.java:61)
		at java.base/java.lang.Thread.run(Thread.java:833)
26-Apr-2022 19:46:15.764 INFO [main] org.apache.catalina.core.ApplicationContext.log ContextListener: contextInitialized()
26-Apr-2022 19:46:15.764 INFO [main] org.apache.catalina.core.ApplicationContext.log SessionListener: contextInitialized()
26-Apr-2022 19:46:15.766 INFO [main] org.apache.catalina.core.ApplicationContext.log ContextListener: attributeAdded('StockTicker', 'async.Stockticker@54227100')
26-Apr-2022 19:46:19.711 INFO [http-nio-8080-exec-1] org.apache.catalina.core.ApplicationContext.log Marking servlet [NameGenderHandler] as unavailable
26-Apr-2022 19:46:19.711 SEVERE [http-nio-8080-exec-1] org.apache.catalina.core.StandardWrapperValve.invoke Allocate exception for servlet [NameGenderHandler]
	java.lang.NoClassDefFoundError: com/company/NameGender (wrong name: NameGender)
		at java.base/java.lang.ClassLoader.defineClass1(Native Method)
		at java.base/java.lang.ClassLoader.defineClass(ClassLoader.java:1012)
		at java.base/java.security.SecureClassLoader.defineClass(SecureClassLoader.java:150)
		at org.apache.catalina.loader.WebappClassLoaderBase.findClassInternal(WebappClassLoaderBase.java:2527)
		at org.apache.catalina.loader.WebappClassLoaderBase.findClass(WebappClassLoaderBase.java:877)
		at org.apache.catalina.loader.WebappClassLoaderBase.loadClass(WebappClassLoaderBase.java:1413)
		at org.apache.catalina.loader.WebappClassLoaderBase.loadClass(WebappClassLoaderBase.java:1257)
		at org.apache.catalina.core.DefaultInstanceManager.loadClass(DefaultInstanceManager.java:535)
		at org.apache.catalina.core.DefaultInstanceManager.loadClassMaybePrivileged(DefaultInstanceManager.java:516)
		at org.apache.catalina.core.DefaultInstanceManager.newInstance(DefaultInstanceManager.java:150)
		at org.apache.catalina.core.StandardWrapper.loadServlet(StandardWrapper.java:1071)
		at org.apache.catalina.core.StandardWrapper.allocate(StandardWrapper.java:789)
		at org.apache.catalina.core.StandardWrapperValve.invoke(StandardWrapperValve.java:128)
		at org.apache.catalina.core.StandardContextValve.invoke(StandardContextValve.java:97)
		at org.apache.catalina.authenticator.AuthenticatorBase.invoke(AuthenticatorBase.java:542)
		at org.apache.catalina.core.StandardHostValve.invoke(StandardHostValve.java:119)
		at org.apache.catalina.valves.ErrorReportValve.invoke(ErrorReportValve.java:92)
		at org.apache.catalina.valves.AbstractAccessLogValve.invoke(AbstractAccessLogValve.java:690)
		at org.apache.catalina.core.StandardEngineValve.invoke(StandardEngineValve.java:78)
		at org.apache.catalina.connector.CoyoteAdapter.service(CoyoteAdapter.java:356)
		at org.apache.coyote.http11.Http11Processor.service(Http11Processor.java:399)
		at org.apache.coyote.AbstractProcessorLight.process(AbstractProcessorLight.java:65)
		at org.apache.coyote.AbstractProtocol$ConnectionHandler.process(AbstractProtocol.java:867)
		at org.apache.tomcat.util.net.NioEndpoint$SocketProcessor.doRun(NioEndpoint.java:1716)
		at org.apache.tomcat.util.net.SocketProcessorBase.run(SocketProcessorBase.java:49)
		at org.apache.tomcat.util.threads.ThreadPoolExecutor.runWorker(ThreadPoolExecutor.java:1191)
		at org.apache.tomcat.util.threads.ThreadPoolExecutor$Worker.run(ThreadPoolExecutor.java:659)
		at org.apache.tomcat.util.threads.TaskThread$WrappingRunnable.run(TaskThread.java:61)
		at java.base/java.lang.Thread.run(Thread.java:833)
26-Apr-2022 19:54:06.907 INFO [main] org.apache.catalina.core.ApplicationContext.log ContextListener: contextInitialized()
26-Apr-2022 19:54:06.907 INFO [main] org.apache.catalina.core.ApplicationContext.log SessionListener: contextInitialized()
26-Apr-2022 19:54:06.909 INFO [main] org.apache.catalina.core.ApplicationContext.log ContextListener: attributeAdded('StockTicker', 'async.Stockticker@7829b776')
26-Apr-2022 19:54:07.219 INFO [http-nio-8080-exec-1] org.apache.catalina.core.ApplicationContext.log Marking servlet [NameGenderHandler] as unavailable
26-Apr-2022 19:54:07.219 SEVERE [http-nio-8080-exec-1] org.apache.catalina.core.StandardWrapperValve.invoke Allocate exception for servlet [NameGenderHandler]
	java.lang.NoClassDefFoundError: com/company/NameGender (wrong name: NameGender)
		at java.base/java.lang.ClassLoader.defineClass1(Native Method)
		at java.base/java.lang.ClassLoader.defineClass(ClassLoader.java:1012)
		at java.base/java.security.SecureClassLoader.defineClass(SecureClassLoader.java:150)
		at org.apache.catalina.loader.WebappClassLoaderBase.findClassInternal(WebappClassLoaderBase.java:2527)
		at org.apache.catalina.loader.WebappClassLoaderBase.findClass(WebappClassLoaderBase.java:877)
		at org.apache.catalina.loader.WebappClassLoaderBase.loadClass(WebappClassLoaderBase.java:1413)
		at org.apache.catalina.loader.WebappClassLoaderBase.loadClass(WebappClassLoaderBase.java:1257)
		at org.apache.catalina.core.DefaultInstanceManager.loadClass(DefaultInstanceManager.java:535)
		at org.apache.catalina.core.DefaultInstanceManager.loadClassMaybePrivileged(DefaultInstanceManager.java:516)
		at org.apache.catalina.core.DefaultInstanceManager.newInstance(DefaultInstanceManager.java:150)
		at org.apache.catalina.core.StandardWrapper.loadServlet(StandardWrapper.java:1071)
		at org.apache.catalina.core.StandardWrapper.allocate(StandardWrapper.java:789)
		at org.apache.catalina.core.StandardWrapperValve.invoke(StandardWrapperValve.java:128)
		at org.apache.catalina.core.StandardContextValve.invoke(StandardContextValve.java:97)
		at org.apache.catalina.authenticator.AuthenticatorBase.invoke(AuthenticatorBase.java:542)
		at org.apache.catalina.core.StandardHostValve.invoke(StandardHostValve.java:119)
		at org.apache.catalina.valves.ErrorReportValve.invoke(ErrorReportValve.java:92)
		at org.apache.catalina.valves.AbstractAccessLogValve.invoke(AbstractAccessLogValve.java:690)
		at org.apache.catalina.core.StandardEngineValve.invoke(StandardEngineValve.java:78)
		at org.apache.catalina.connector.CoyoteAdapter.service(CoyoteAdapter.java:356)
		at org.apache.coyote.http11.Http11Processor.service(Http11Processor.java:399)
		at org.apache.coyote.AbstractProcessorLight.process(AbstractProcessorLight.java:65)
		at org.apache.coyote.AbstractProtocol$ConnectionHandler.process(AbstractProtocol.java:867)
		at org.apache.tomcat.util.net.NioEndpoint$SocketProcessor.doRun(NioEndpoint.java:1716)
		at org.apache.tomcat.util.net.SocketProcessorBase.run(SocketProcessorBase.java:49)
		at org.apache.tomcat.util.threads.ThreadPoolExecutor.runWorker(ThreadPoolExecutor.java:1191)
		at org.apache.tomcat.util.threads.ThreadPoolExecutor$Worker.run(ThreadPoolExecutor.java:659)
		at org.apache.tomcat.util.threads.TaskThread$WrappingRunnable.run(TaskThread.java:61)
		at java.base/java.lang.Thread.run(Thread.java:833)
26-Apr-2022 19:55:10.417 INFO [main] org.apache.catalina.core.ApplicationContext.log ContextListener: contextInitialized()
26-Apr-2022 19:55:10.417 INFO [main] org.apache.catalina.core.ApplicationContext.log SessionListener: contextInitialized()
26-Apr-2022 19:55:10.419 INFO [main] org.apache.catalina.core.ApplicationContext.log ContextListener: attributeAdded('StockTicker', 'async.Stockticker@1433046b')
26-Apr-2022 19:56:30.852 INFO [main] org.apache.catalina.core.ApplicationContext.log ContextListener: contextInitialized()
26-Apr-2022 19:56:30.852 INFO [main] org.apache.catalina.core.ApplicationContext.log SessionListener: contextInitialized()
26-Apr-2022 19:56:30.854 INFO [main] org.apache.catalina.core.ApplicationContext.log ContextListener: attributeAdded('StockTicker', 'async.Stockticker@1433046b')
26-Apr-2022 19:56:48.834 INFO [http-nio-8080-exec-2] org.apache.catalina.core.ApplicationContext.log Marking servlet [NameGenderHandler] as unavailable
26-Apr-2022 19:56:48.834 SEVERE [http-nio-8080-exec-2] org.apache.catalina.core.StandardWrapperValve.invoke Allocate exception for servlet [NameGenderHandler]
	java.lang.NoClassDefFoundError: com/company/NameGender (wrong name: NameGender)
		at java.base/java.lang.ClassLoader.defineClass1(Native Method)
		at java.base/java.lang.ClassLoader.defineClass(ClassLoader.java:1012)
		at java.base/java.security.SecureClassLoader.defineClass(SecureClassLoader.java:150)
		at org.apache.catalina.loader.WebappClassLoaderBase.findClassInternal(WebappClassLoaderBase.java:2527)
		at org.apache.catalina.loader.WebappClassLoaderBase.findClass(WebappClassLoaderBase.java:877)
		at org.apache.catalina.loader.WebappClassLoaderBase.loadClass(WebappClassLoaderBase.java:1413)
		at org.apache.catalina.loader.WebappClassLoaderBase.loadClass(WebappClassLoaderBase.java:1257)
		at org.apache.catalina.core.DefaultInstanceManager.loadClass(DefaultInstanceManager.java:535)
		at org.apache.catalina.core.DefaultInstanceManager.loadClassMaybePrivileged(DefaultInstanceManager.java:516)
		at org.apache.catalina.core.DefaultInstanceManager.newInstance(DefaultInstanceManager.java:150)
		at org.apache.catalina.core.StandardWrapper.loadServlet(StandardWrapper.java:1071)
		at org.apache.catalina.core.StandardWrapper.allocate(StandardWrapper.java:789)
		at org.apache.catalina.core.StandardWrapperValve.invoke(StandardWrapperValve.java:128)
		at org.apache.catalina.core.StandardContextValve.invoke(StandardContextValve.java:97)
		at org.apache.catalina.authenticator.AuthenticatorBase.invoke(AuthenticatorBase.java:542)
		at org.apache.catalina.core.StandardHostValve.invoke(StandardHostValve.java:119)
		at org.apache.catalina.valves.ErrorReportValve.invoke(ErrorReportValve.java:92)
		at org.apache.catalina.valves.AbstractAccessLogValve.invoke(AbstractAccessLogValve.java:690)
		at org.apache.catalina.core.StandardEngineValve.invoke(StandardEngineValve.java:78)
		at org.apache.catalina.connector.CoyoteAdapter.service(CoyoteAdapter.java:356)
		at org.apache.coyote.http11.Http11Processor.service(Http11Processor.java:399)
		at org.apache.coyote.AbstractProcessorLight.process(AbstractProcessorLight.java:65)
		at org.apache.coyote.AbstractProtocol$ConnectionHandler.process(AbstractProtocol.java:867)
		at org.apache.tomcat.util.net.NioEndpoint$SocketProcessor.doRun(NioEndpoint.java:1716)
		at org.apache.tomcat.util.net.SocketProcessorBase.run(SocketProcessorBase.java:49)
		at org.apache.tomcat.util.threads.ThreadPoolExecutor.runWorker(ThreadPoolExecutor.java:1191)
		at org.apache.tomcat.util.threads.ThreadPoolExecutor$Worker.run(ThreadPoolExecutor.java:659)
		at org.apache.tomcat.util.threads.TaskThread$WrappingRunnable.run(TaskThread.java:61)
		at java.base/java.lang.Thread.run(Thread.java:833)
26-Apr-2022 20:45:48.085 INFO [main] org.apache.catalina.core.ApplicationContext.log ContextListener: contextInitialized()
26-Apr-2022 20:45:48.085 INFO [main] org.apache.catalina.core.ApplicationContext.log SessionListener: contextInitialized()
26-Apr-2022 20:45:48.087 INFO [main] org.apache.catalina.core.ApplicationContext.log ContextListener: attributeAdded('StockTicker', 'async.Stockticker@7829b776')
26-Apr-2022 21:21:50.821 INFO [main] org.apache.catalina.core.ApplicationContext.log ContextListener: contextInitialized()
26-Apr-2022 21:21:50.822 INFO [main] org.apache.catalina.core.ApplicationContext.log SessionListener: contextInitialized()
26-Apr-2022 21:21:50.824 INFO [main] org.apache.catalina.core.ApplicationContext.log ContextListener: attributeAdded('StockTicker', 'async.Stockticker@1433046b')
26-Apr-2022 21:32:50.602 INFO [main] org.apache.catalina.core.ApplicationContext.log ContextListener: contextInitialized()
26-Apr-2022 21:32:50.602 INFO [main] org.apache.catalina.core.ApplicationContext.log SessionListener: contextInitialized()
26-Apr-2022 21:32:50.604 INFO [main] org.apache.catalina.core.ApplicationContext.log ContextListener: attributeAdded('StockTicker', 'async.Stockticker@5ad10c1a')
26-Apr-2022 21:33:05.204 INFO [main] org.apache.catalina.core.ApplicationContext.log ContextListener: contextInitialized()
26-Apr-2022 21:33:05.204 INFO [main] org.apache.catalina.core.ApplicationContext.log SessionListener: contextInitialized()
26-Apr-2022 21:33:05.206 INFO [main] org.apache.catalina.core.ApplicationContext.log ContextListener: attributeAdded('StockTicker', 'async.Stockticker@76f7d241')
26-Apr-2022 21:33:05.381 INFO [main] org.apache.catalina.core.ApplicationContext.log SessionListener: contextDestroyed()
26-Apr-2022 21:33:05.381 INFO [main] org.apache.catalina.core.ApplicationContext.log ContextListener: contextDestroyed()
26-Apr-2022 21:33:18.293 INFO [main] org.apache.catalina.core.ApplicationContext.log ContextListener: contextInitialized()
26-Apr-2022 21:33:18.293 INFO [main] org.apache.catalina.core.ApplicationContext.log SessionListener: contextInitialized()
26-Apr-2022 21:33:18.295 INFO [main] org.apache.catalina.core.ApplicationContext.log ContextListener: attributeAdded('StockTicker', 'async.Stockticker@3f446bef')
26-Apr-2022 21:34:42.398 INFO [Thread-2] org.apache.catalina.core.ApplicationContext.log SessionListener: contextDestroyed()
26-Apr-2022 21:34:42.398 INFO [Thread-2] org.apache.catalina.core.ApplicationContext.log ContextListener: contextDestroyed()
26-Apr-2022 21:35:32.684 INFO [main] org.apache.catalina.core.ApplicationContext.log ContextListener: contextInitialized()
26-Apr-2022 21:35:32.684 INFO [main] org.apache.catalina.core.ApplicationContext.log SessionListener: contextInitialized()
26-Apr-2022 21:35:32.687 INFO [main] org.apache.catalina.core.ApplicationContext.log ContextListener: attributeAdded('StockTicker', 'async.Stockticker@7829b776')
26-Apr-2022 21:37:27.080 INFO [main] org.apache.catalina.core.ApplicationContext.log ContextListener: contextInitialized()
26-Apr-2022 21:37:27.080 INFO [main] org.apache.catalina.core.ApplicationContext.log SessionListener: contextInitialized()
26-Apr-2022 21:37:27.082 INFO [main] org.apache.catalina.core.ApplicationContext.log ContextListener: attributeAdded('StockTicker', 'async.Stockticker@7829b776')
26-Apr-2022 21:38:31.894 INFO [main] org.apache.catalina.core.ApplicationContext.log ContextListener: contextInitialized()
26-Apr-2022 21:38:31.895 INFO [main] org.apache.catalina.core.ApplicationContext.log SessionListener: contextInitialized()
26-Apr-2022 21:38:31.897 INFO [main] org.apache.catalina.core.ApplicationContext.log ContextListener: attributeAdded('StockTicker', 'async.Stockticker@1433046b')
26-Apr-2022 21:40:12.262 INFO [main] org.apache.catalina.core.ApplicationContext.log ContextListener: contextInitialized()
26-Apr-2022 21:40:12.263 INFO [main] org.apache.catalina.core.ApplicationContext.log SessionListener: contextInitialized()
26-Apr-2022 21:40:12.266 INFO [main] org.apache.catalina.core.ApplicationContext.log ContextListener: attributeAdded('StockTicker', 'async.Stockticker@4a335fa8')
26-Apr-2022 21:40:12.464 INFO [main] org.apache.catalina.core.ApplicationContext.log SessionListener: contextDestroyed()
26-Apr-2022 21:40:12.464 INFO [main] org.apache.catalina.core.ApplicationContext.log ContextListener: contextDestroyed()
